<?xml version="1.0" encoding="UTF-8"?>
<robot generator="Robot 5.0 (Python 3.10.1 on win32)" generated="20220409 20:16:12.292" rpa="false" schemaversion="3">
<suite id="s1" name="bookAPITest" source="C:\Projetos\RobotFramework\BooksAPIRest - Grupo ICTS\Test\bookAPITest.robot">
<kw name="Conect API" library="conectAPI" type="SETUP">
<kw name="Create Session" library="RequestsLibrary">
<arg>${FAKER_API}</arg>
<arg>${BASE_URL}</arg>
<doc>Create Session: create a HTTP session to a server</doc>
<msg timestamp="20220409 20:16:12.475" level="INFO">Creating Session using : alias=fakerAPI, url=https://fakerestapi.azurewebsites.net/api/v1/, headers={},                     cookies={}, auth=None, timeout=None, proxies=None, verify=False,                     debug=0 </msg>
<status status="PASS" starttime="20220409 20:16:12.474" endtime="20220409 20:16:12.475"/>
</kw>
<status status="PASS" starttime="20220409 20:16:12.474" endtime="20220409 20:16:12.476"/>
</kw>
<test id="s1-t1" name="bookServiceAPI_GET: Listar todos os livros" line="17">
<kw name="Dado que faço uma busca por todos os livros cadastrado chamando o endpoint books" library="bookServiceAPI">
<kw name="GET On Session" library="RequestsLibrary">
<var>${res}</var>
<arg>${FAKER_API}</arg>
<arg>${ENDPOINT_BOOKS}</arg>
<doc>Sends a GET request on a previously created HTTP Session.</doc>
<msg timestamp="20220409 20:16:15.356" level="INFO">GET Request : url=https://fakerestapi.azurewebsites.net/api/v1/Books 
 path_url=/api/v1/Books 
 headers={'User-Agent': 'python-requests/2.27.1', 'Accept-Encoding': 'gzip, deflate', 'Accept': '*/*', 'Connection': 'keep-alive'} 
 body=None 
 </msg>
<msg timestamp="20220409 20:16:15.357" level="INFO">GET Response : url=https://fakerestapi.azurewebsites.net/api/v1/Books 
 status=200, reason=OK 
 headers={'Transfer-Encoding': 'chunked', 'Content-Type': 'application/json; charset=utf-8; v=1.0', 'Server': 'Kestrel', 'api-supported-versions': '1.0', 'Date': 'Sun, 10 Apr 2022 00:16:12 GMT'} 
 body=[{"id":1,"title":"Book 1","description":"Eirmod euismod eirmod accusam laoreet kasd ipsum sit duo option kasd elitr feugait ea adipiscing nibh adipiscing dolor. Enim vel ad magna vero duo sed sed sed stet lorem diam amet lorem. Et vel tincidunt sanctus lorem est accusam at duis aliquyam amet. Voluptua et no sanctus est no kasd velit eros facer amet ea sit amet et vero no ipsum erat. Eirmod consetetur nonumy sit ipsum clita. Ipsum duis lorem justo sit vel ut labore takimata ipsum ullamcorper dolores duo duo consequat nonumy autem. At ex lorem labore dolor lorem consequat nulla dolor amet magna eirmod clita. Sadipscing sanctus in sadipscing molestie dignissim gubergren dolore cum et clita possim dolor aliquyam justo molestie magna est minim. Accusam feugait diam invidunt duis qui suscipit nulla ipsum diam. Justo in ea at stet quod possim dolor sed magna gubergren amet enim est nibh. Ex suscipit kasd sed diam sed at invidunt dolores ipsum vulputate sanctus ipsum. Invidunt duo rebum ipsum sadipscing lorem et eos sanctus sed labore lorem esse takimata nibh in ut rebum. Duo dolor ut sed dolore at augue amet duis sea autem dolor sea ipsum kasd erat voluptua dignissim. Sanctus nulla aliquyam aliquyam dolores lorem eos. Molestie et elitr et magna in.\n","pageCount":100,"excerpt":"Dolor sit iriure. Dolor no lorem gubergren ea et eirmod sanctus est ut erat cum eirmod. Odio minim eirmod lobortis. Nam gubergren commodo gubergren dolores et et augue clita eos stet elit imperdiet commodo sea sanctus. Nonummy lorem autem. Magna amet justo kasd erat nisl labore amet lorem exerci. Accumsan sit invidunt dolore diam. Et sea dolor luptatum diam illum sed sadipscing et sit option hendrerit accumsan eirmod duo vero. Et at dolor lorem rebum augue molestie blandit sea. Et no sit feugiat tempor accusam diam te sit. Est vulputate ut diam duo lorem odio lorem et. Et erat luptatum possim facilisis sadipscing sadipscing eos tempor te. Et et invidunt voluptua ut est accusam at. Stet clita eos vero velit eirmod clita et aliquyam te elitr aliquyam aliquyam nulla dolor tempor. Sanctus invidunt sadipscing feugiat lorem at invidunt ipsum et enim magna dolor labore. Sit euismod dolores sit sea sanctus nulla ea takimata magna eos elitr. Praesent ut invidunt kasd et accumsan.\nUt labore vero no accusam tempor lorem dolores est zzril. Dolor consetetur nulla aliquam erat ut aliquyam no lorem sed stet stet lobortis kasd ad dolor et invidunt at. Sit euismod dolores ea facilisi vero in tempor et vero duis. Et est nonummy wisi takimata erat sea ut nobis. Vero exerci lorem odio sed dolor et nisl et magna ipsum sed in vulputate. Diam magna iusto lorem ut amet voluptua et eros sit option amet amet consetetur in. Nisl takimata dolor. Sed no ut labore. Aliquyam dolor diam soluta lorem vero eirmod diam. Eos dolor lorem consequat amet amet dolores et erat accumsan laoreet aliquyam eum. Sed tempor diam et possim feugait magna justo amet nonumy tempor vero te dignissim.\nEos sit voluptua. Amet no nulla invidunt takimata ipsum aliquyam clita erat amet nonummy ea. At rebum amet duis et in ea veniam aliquyam dolor ea volutpat. Vero dolore eum no consequat sea. Amet enim aliquip diam et gubergren ipsum augue dignissim. Illum kasd accusam eos aliquam ut elitr sed wisi tation amet sea luptatum. Sadipscing tempor magna vel.\nAccusam in justo amet nonumy nibh vel accusam. Ea elitr dolor takimata vulputate duo lorem sit lorem lorem id sit autem accusam amet. Invidunt stet id adipiscing tempor erat. Minim duo nobis voluptua.\nWisi nonumy vero dignissim sanctus sit kasd sadipscing dolor voluptua nonumy diam elitr sed no et consequat takimata. Justo velit molestie dolore tempor et ut justo diam accusam vulputate. Elitr amet et ipsum ea et ea quod lorem ex luptatum ut tempor dignissim gubergren quis. Aliquyam tempor amet consetetur iusto nulla suscipit dolor takimata clita ea ipsum adipiscing sed. Amet ipsum sit. Nonumy nulla dolor dolor tempor eu dolore amet vel magna. Duo amet odio esse vero sed no stet nonumy volutpat erat sanctus sea amet sit ipsum sed dolore.\n","publishDate":"2022-04-09T00:16:13.1851628+00:00"},{"id":2,"title":"Book 2","description":"Labore eos magna at dolor. Et rebum clita lorem voluptua nonumy amet clita justo eirmod labore sit est. Tempor diam facilisis sadipscing sadipscing clita volutpat dolor tempor iriure quis no diam diam clita sed aliquyam. Sed eirmod dolore sit sit dolor iriure in kasd erat magna eum duo clita ut. Dolor consetetur et accusam eu sea elit eos elitr. Clita et ipsum delenit sit at vero ipsum nonumy dolores in diam nonumy sed gubergren et sed at et. Voluptua lorem eos vero consetetur dolores clita at ad aliquip nonumy ipsum lorem.\n","pageCount":200,"excerpt":"Eu placerat et sed sanctus tation rebum sanctus duo sadipscing kasd est tincidunt est consetetur lorem. Ipsum sit sed stet sadipscing mazim justo labore stet quis vero esse sed vel tempor. Qui eirmod aliquyam erat ipsum ea dolores duis elitr sanctus magna et clita sanctus tincidunt sanctus ipsum aliquyam facilisis.\nGubergren invidunt lorem quis vel. Consetetur sed justo diam volutpat et amet accusam amet rebum justo kasd molestie labore clita velit. Kasd erat et et diam vel ipsum ipsum feugiat labore stet quod dignissim aliquyam vulputate odio. Eos nam nonumy ea stet elitr stet dolor ut elitr. Dignissim voluptua ipsum lorem possim ea eirmod nonumy eos consequat dolor ut lorem elitr. Diam invidunt dolor veniam dolore duis. Dolore kasd est amet sanctus erat no elitr diam et. Et sed velit consequat vel lorem liber elitr autem. Justo ipsum labore vero lobortis clita nobis voluptua justo vero diam wisi dolor consetetur sed quod diam. Euismod id magna imperdiet eirmod erat aliquyam rebum. At diam consetetur gubergren in dolor no clita nonummy et voluptua sed invidunt duis et sit vero. Justo dolore imperdiet sadipscing nonumy stet diam esse est duo sed enim est quod dolor. Voluptua molestie erat. Consequat enim iusto magna rebum molestie rebum consetetur accusam dolor ipsum. Eleifend vel eu dolore qui et. Aliquyam dolore takimata dolor. Ipsum stet commodo aliquip nonumy voluptua lorem facilisis et esse enim.\nDelenit sed esse duis et amet sed et nulla rebum euismod ea nostrud stet. Invidunt ad diam delenit consequat amet sea dolor et feugiat sanctus labore. Eirmod eirmod diam labore in nisl sanctus facilisi consequat feugiat eirmod. Dolore accusam no lorem diam tempor amet elitr consetetur sea sed et lorem et amet diam euismod et dolor. Kasd facilisis ea. Tempor elitr est sanctus takimata dolor accusam invidunt est cum. Sed justo lorem sadipscing erat sed sed luptatum dolore dolor voluptua ut diam duis sit dolore duo dolore. Amet kasd suscipit sit kasd qui dolore nonumy tempor sadipscing est sanctus ea rebum.\nUt molestie et sanctus ea justo dolor lorem doming iriure eos diam clita aliquip et lorem. Ad ex labore elitr ex elitr takimata rebum sed. Tincidunt at elitr gubergren lorem sanctus sit soluta nonumy facilisis. Diam aliquyam rebum sit nonumy dolores elit laoreet voluptua lorem voluptua. Amet autem dolore molestie takimata ea amet rebum in et dolore in aliquyam soluta labore ipsum iusto.\nQuis tincidunt sit hendrerit aliquam lorem elitr quis ullamcorper at ullamcorper rebum nisl dolor eos dolore clita sadipscing. Velit lorem labore consequat eum illum luptatum takimata dolor est dolores diam amet gubergren dolor eum. Amet takimata vero sit molestie ut lorem justo duo. Eros eos tation sed nisl voluptua ipsum amet ipsum diam vero diam sadipscing sanctus stet molestie sadipscing. Dolor et tempor at ullamcorper sit amet est et dolor est dolor magna magna. Ullamcorper sanctus duo dolore rebum te sit wisi. Ipsum aliquip molestie clita rebum dolores nonumy sit dolore voluptua. Voluptua at sit dolores amet nulla. Takimata commodo sed feugiat sit vero tation aliquip labore erat est. Luptatum dolor consetetur sit voluptua sit. Labore et dolor adipiscing elitr dolore lorem vel clita feugiat lorem. Et elit consetetur consetetur. Tempor duo suscipit amet et. Praesent no gubergren autem erat gubergren ipsum et vero dolores molestie wisi diam lorem et ipsum. Elitr sit vero eos nonumy eu esse aliquyam eos vulputate rebum consetetur no sed rebum rebum dolor justo. Dolore sed no ea eirmod no aliquyam labore. Justo duo nonumy iriure erat voluptua magna lorem amet et sanctus lorem vero ea sanctus tation. Clita et eirmod sed consequat aliquyam. Ea et amet labore aliquyam invidunt eu lorem doming sit kasd.\n","publishDate":"2022-04-08T00:16:13.1852274+00:00"},{"id":3,"title":"Book 3","description":"Blandit ea et aliquyam ea duo at stet ut. Ut ipsum laoreet lorem. Rebum sit voluptua ipsum tempor nisl ipsum rebum voluptua. Justo dolor nulla takimata lorem nulla. Wisi gubergren ut vel kasd nulla diam autem. Dolor sea sea at magna facilisis dolore labore esse ea vero consetetur justo ipsum lorem. Takimata eu sit at dolores est lorem labore. Justo ad ut ea luptatum molestie amet ipsum ad stet. Voluptua sit aliquip dolore clita et vulputate eos dolor et labore kasd rebum stet no consetetur delenit. Lorem dolor esse takimata sadipscing clita clita vel. Duo clita dolore in ipsum invidunt rebum dolor sanctus dolore vel dolor duis duo magna dolore est justo. Accusam dolor elitr no tempor aliquyam at autem dolor. Ut aliquyam autem ea lobortis esse veniam duis magna illum et amet adipiscing. Augue sed sit elitr invidunt nulla at eirmod tempor nonumy dolore sit.\n","pageCount":300,"excerpt":"Esse veniam at ullamcorper nibh ipsum ipsum voluptua et ipsum sadipscing doming lorem eirmod luptatum takimata elitr lorem. Eirmod sit sea blandit magna sadipscing te ut velit stet lorem dolore ipsum sed sea eos clita sanctus. Est amet est tempor takimata ipsum lorem dolore est suscipit hendrerit justo invidunt elitr lorem et sea elit. Ut amet ut eum in stet. Iriure sed duo aliquyam ea lorem. Elitr ea labore wisi no ut in dolore cum facer duo amet sadipscing dolores no tempor aliquyam sit kasd. Dolore wisi et sadipscing e... (set the log level to DEBUG or TRACE to see the full content) 
 </msg>
<msg timestamp="20220409 20:16:15.357" level="INFO">C:\Users\jeiso\AppData\Local\Programs\Python\Python310\lib\site-packages\urllib3\connectionpool.py:1043: InsecureRequestWarning: Unverified HTTPS request is being made to host 'fakerestapi.azurewebsites.net'. Adding certificate verification is strongly advised. See: https://urllib3.readthedocs.io/en/1.26.x/advanced-usage.html#ssl-warnings
  warnings.warn(</msg>
<msg timestamp="20220409 20:16:15.358" level="INFO">${res} = &lt;Response [200]&gt;</msg>
<status status="PASS" starttime="20220409 20:16:12.478" endtime="20220409 20:16:15.358"/>
</kw>
<kw name="Set Test Variable" library="BuiltIn">
<arg>${res}</arg>
<doc>Makes a variable available everywhere within the scope of the current test.</doc>
<msg timestamp="20220409 20:16:15.359" level="INFO">${res} = &lt;Response [200]&gt;</msg>
<status status="PASS" starttime="20220409 20:16:15.358" endtime="20220409 20:16:15.359"/>
</kw>
<kw name="Log" library="BuiltIn">
<arg>${res.text}</arg>
<doc>Logs the given message with the given level.</doc>
<msg timestamp="20220409 20:16:15.364" level="INFO">[{"id":1,"title":"Book 1","description":"Eirmod euismod eirmod accusam laoreet kasd ipsum sit duo option kasd elitr feugait ea adipiscing nibh adipiscing dolor. Enim vel ad magna vero duo sed sed sed stet lorem diam amet lorem. Et vel tincidunt sanctus lorem est accusam at duis aliquyam amet. Voluptua et no sanctus est no kasd velit eros facer amet ea sit amet et vero no ipsum erat. Eirmod consetetur nonumy sit ipsum clita. Ipsum duis lorem justo sit vel ut labore takimata ipsum ullamcorper dolores duo duo consequat nonumy autem. At ex lorem labore dolor lorem consequat nulla dolor amet magna eirmod clita. Sadipscing sanctus in sadipscing molestie dignissim gubergren dolore cum et clita possim dolor aliquyam justo molestie magna est minim. Accusam feugait diam invidunt duis qui suscipit nulla ipsum diam. Justo in ea at stet quod possim dolor sed magna gubergren amet enim est nibh. Ex suscipit kasd sed diam sed at invidunt dolores ipsum vulputate sanctus ipsum. Invidunt duo rebum ipsum sadipscing lorem et eos sanctus sed labore lorem esse takimata nibh in ut rebum. Duo dolor ut sed dolore at augue amet duis sea autem dolor sea ipsum kasd erat voluptua dignissim. Sanctus nulla aliquyam aliquyam dolores lorem eos. Molestie et elitr et magna in.\n","pageCount":100,"excerpt":"Dolor sit iriure. Dolor no lorem gubergren ea et eirmod sanctus est ut erat cum eirmod. Odio minim eirmod lobortis. Nam gubergren commodo gubergren dolores et et augue clita eos stet elit imperdiet commodo sea sanctus. Nonummy lorem autem. Magna amet justo kasd erat nisl labore amet lorem exerci. Accumsan sit invidunt dolore diam. Et sea dolor luptatum diam illum sed sadipscing et sit option hendrerit accumsan eirmod duo vero. Et at dolor lorem rebum augue molestie blandit sea. Et no sit feugiat tempor accusam diam te sit. Est vulputate ut diam duo lorem odio lorem et. Et erat luptatum possim facilisis sadipscing sadipscing eos tempor te. Et et invidunt voluptua ut est accusam at. Stet clita eos vero velit eirmod clita et aliquyam te elitr aliquyam aliquyam nulla dolor tempor. Sanctus invidunt sadipscing feugiat lorem at invidunt ipsum et enim magna dolor labore. Sit euismod dolores sit sea sanctus nulla ea takimata magna eos elitr. Praesent ut invidunt kasd et accumsan.\nUt labore vero no accusam tempor lorem dolores est zzril. Dolor consetetur nulla aliquam erat ut aliquyam no lorem sed stet stet lobortis kasd ad dolor et invidunt at. Sit euismod dolores ea facilisi vero in tempor et vero duis. Et est nonummy wisi takimata erat sea ut nobis. Vero exerci lorem odio sed dolor et nisl et magna ipsum sed in vulputate. Diam magna iusto lorem ut amet voluptua et eros sit option amet amet consetetur in. Nisl takimata dolor. Sed no ut labore. Aliquyam dolor diam soluta lorem vero eirmod diam. Eos dolor lorem consequat amet amet dolores et erat accumsan laoreet aliquyam eum. Sed tempor diam et possim feugait magna justo amet nonumy tempor vero te dignissim.\nEos sit voluptua. Amet no nulla invidunt takimata ipsum aliquyam clita erat amet nonummy ea. At rebum amet duis et in ea veniam aliquyam dolor ea volutpat. Vero dolore eum no consequat sea. Amet enim aliquip diam et gubergren ipsum augue dignissim. Illum kasd accusam eos aliquam ut elitr sed wisi tation amet sea luptatum. Sadipscing tempor magna vel.\nAccusam in justo amet nonumy nibh vel accusam. Ea elitr dolor takimata vulputate duo lorem sit lorem lorem id sit autem accusam amet. Invidunt stet id adipiscing tempor erat. Minim duo nobis voluptua.\nWisi nonumy vero dignissim sanctus sit kasd sadipscing dolor voluptua nonumy diam elitr sed no et consequat takimata. Justo velit molestie dolore tempor et ut justo diam accusam vulputate. Elitr amet et ipsum ea et ea quod lorem ex luptatum ut tempor dignissim gubergren quis. Aliquyam tempor amet consetetur iusto nulla suscipit dolor takimata clita ea ipsum adipiscing sed. Amet ipsum sit. Nonumy nulla dolor dolor tempor eu dolore amet vel magna. Duo amet odio esse vero sed no stet nonumy volutpat erat sanctus sea amet sit ipsum sed dolore.\n","publishDate":"2022-04-09T00:16:13.1851628+00:00"},{"id":2,"title":"Book 2","description":"Labore eos magna at dolor. Et rebum clita lorem voluptua nonumy amet clita justo eirmod labore sit est. Tempor diam facilisis sadipscing sadipscing clita volutpat dolor tempor iriure quis no diam diam clita sed aliquyam. Sed eirmod dolore sit sit dolor iriure in kasd erat magna eum duo clita ut. Dolor consetetur et accusam eu sea elit eos elitr. Clita et ipsum delenit sit at vero ipsum nonumy dolores in diam nonumy sed gubergren et sed at et. Voluptua lorem eos vero consetetur dolores clita at ad aliquip nonumy ipsum lorem.\n","pageCount":200,"excerpt":"Eu placerat et sed sanctus tation rebum sanctus duo sadipscing kasd est tincidunt est consetetur lorem. Ipsum sit sed stet sadipscing mazim justo labore stet quis vero esse sed vel tempor. Qui eirmod aliquyam erat ipsum ea dolores duis elitr sanctus magna et clita sanctus tincidunt sanctus ipsum aliquyam facilisis.\nGubergren invidunt lorem quis vel. Consetetur sed justo diam volutpat et amet accusam amet rebum justo kasd molestie labore clita velit. Kasd erat et et diam vel ipsum ipsum feugiat labore stet quod dignissim aliquyam vulputate odio. Eos nam nonumy ea stet elitr stet dolor ut elitr. Dignissim voluptua ipsum lorem possim ea eirmod nonumy eos consequat dolor ut lorem elitr. Diam invidunt dolor veniam dolore duis. Dolore kasd est amet sanctus erat no elitr diam et. Et sed velit consequat vel lorem liber elitr autem. Justo ipsum labore vero lobortis clita nobis voluptua justo vero diam wisi dolor consetetur sed quod diam. Euismod id magna imperdiet eirmod erat aliquyam rebum. At diam consetetur gubergren in dolor no clita nonummy et voluptua sed invidunt duis et sit vero. Justo dolore imperdiet sadipscing nonumy stet diam esse est duo sed enim est quod dolor. Voluptua molestie erat. Consequat enim iusto magna rebum molestie rebum consetetur accusam dolor ipsum. Eleifend vel eu dolore qui et. Aliquyam dolore takimata dolor. Ipsum stet commodo aliquip nonumy voluptua lorem facilisis et esse enim.\nDelenit sed esse duis et amet sed et nulla rebum euismod ea nostrud stet. Invidunt ad diam delenit consequat amet sea dolor et feugiat sanctus labore. Eirmod eirmod diam labore in nisl sanctus facilisi consequat feugiat eirmod. Dolore accusam no lorem diam tempor amet elitr consetetur sea sed et lorem et amet diam euismod et dolor. Kasd facilisis ea. Tempor elitr est sanctus takimata dolor accusam invidunt est cum. Sed justo lorem sadipscing erat sed sed luptatum dolore dolor voluptua ut diam duis sit dolore duo dolore. Amet kasd suscipit sit kasd qui dolore nonumy tempor sadipscing est sanctus ea rebum.\nUt molestie et sanctus ea justo dolor lorem doming iriure eos diam clita aliquip et lorem. Ad ex labore elitr ex elitr takimata rebum sed. Tincidunt at elitr gubergren lorem sanctus sit soluta nonumy facilisis. Diam aliquyam rebum sit nonumy dolores elit laoreet voluptua lorem voluptua. Amet autem dolore molestie takimata ea amet rebum in et dolore in aliquyam soluta labore ipsum iusto.\nQuis tincidunt sit hendrerit aliquam lorem elitr quis ullamcorper at ullamcorper rebum nisl dolor eos dolore clita sadipscing. Velit lorem labore consequat eum illum luptatum takimata dolor est dolores diam amet gubergren dolor eum. Amet takimata vero sit molestie ut lorem justo duo. Eros eos tation sed nisl voluptua ipsum amet ipsum diam vero diam sadipscing sanctus stet molestie sadipscing. Dolor et tempor at ullamcorper sit amet est et dolor est dolor magna magna. Ullamcorper sanctus duo dolore rebum te sit wisi. Ipsum aliquip molestie clita rebum dolores nonumy sit dolore voluptua. Voluptua at sit dolores amet nulla. Takimata commodo sed feugiat sit vero tation aliquip labore erat est. Luptatum dolor consetetur sit voluptua sit. Labore et dolor adipiscing elitr dolore lorem vel clita feugiat lorem. Et elit consetetur consetetur. Tempor duo suscipit amet et. Praesent no gubergren autem erat gubergren ipsum et vero dolores molestie wisi diam lorem et ipsum. Elitr sit vero eos nonumy eu esse aliquyam eos vulputate rebum consetetur no sed rebum rebum dolor justo. Dolore sed no ea eirmod no aliquyam labore. Justo duo nonumy iriure erat voluptua magna lorem amet et sanctus lorem vero ea sanctus tation. Clita et eirmod sed consequat aliquyam. Ea et amet labore aliquyam invidunt eu lorem doming sit kasd.\n","publishDate":"2022-04-08T00:16:13.1852274+00:00"},{"id":3,"title":"Book 3","description":"Blandit ea et aliquyam ea duo at stet ut. Ut ipsum laoreet lorem. Rebum sit voluptua ipsum tempor nisl ipsum rebum voluptua. Justo dolor nulla takimata lorem nulla. Wisi gubergren ut vel kasd nulla diam autem. Dolor sea sea at magna facilisis dolore labore esse ea vero consetetur justo ipsum lorem. Takimata eu sit at dolores est lorem labore. Justo ad ut ea luptatum molestie amet ipsum ad stet. Voluptua sit aliquip dolore clita et vulputate eos dolor et labore kasd rebum stet no consetetur delenit. Lorem dolor esse takimata sadipscing clita clita vel. Duo clita dolore in ipsum invidunt rebum dolor sanctus dolore vel dolor duis duo magna dolore est justo. Accusam dolor elitr no tempor aliquyam at autem dolor. Ut aliquyam autem ea lobortis esse veniam duis magna illum et amet adipiscing. Augue sed sit elitr invidunt nulla at eirmod tempor nonumy dolore sit.\n","pageCount":300,"excerpt":"Esse veniam at ullamcorper nibh ipsum ipsum voluptua et ipsum sadipscing doming lorem eirmod luptatum takimata elitr lorem. Eirmod sit sea blandit magna sadipscing te ut velit stet lorem dolore ipsum sed sea eos clita sanctus. Est amet est tempor takimata ipsum lorem dolore est suscipit hendrerit justo invidunt elitr lorem et sea elit. Ut amet ut eum in stet. Iriure sed duo aliquyam ea lorem. Elitr ea labore wisi no ut in dolore cum facer duo amet sadipscing dolores no tempor aliquyam sit kasd. Dolore wisi et sadipscing elit vero est molestie no diam voluptua sed invidunt. Id sadipscing rebum nonumy ipsum. Accusam dolor dolor stet facilisis eum aliquip labore ea ipsum erat duis lorem duo.\nConsetetur sea eirmod ut sit sit duis dolor wisi voluptua ea takimata elitr tempor eos dolores cum. Dolor aliquyam tempor vulputate amet tempor in est voluptua sanctus diam dolor eirmod duo amet invidunt ipsum. Sit stet sit in sea erat ipsum ex. Aliquyam kasd consetetur aliquyam clita consetetur accusam accusam eirmod est nonumy sed sit. At augue accusam invidunt duo nonumy ipsum exerci sanctus nonumy. Dolores est magna vero dolor diam sed ea tincidunt no sadipscing sed tation ea. Et dolor nihil dolore sadipscing duo lorem dolore takimata vero consequat eirmod feugiat dolore erat accusam. Sanctus rebum eum et diam clita feugiat justo dolor eos elitr tation. Velit amet accusam dolor et dolor kasd vero nonumy et sit nulla lorem blandit lorem lorem kasd nulla aliquyam. Takimata eos clita ipsum dolore takimata blandit dolore rebum ea sed euismod feugait consetetur takimata dolor. Illum ipsum nonumy gubergren dolore te autem ad rebum ut dolor voluptua ea diam lorem. Clita hendrerit stet gubergren consequat ea consequat et erat kasd rebum eirmod et rebum duis et magna eros gubergren. Dolor sed voluptua dolor rebum. Justo sed sea est. Erat clita enim. Dignissim consetetur at ullamcorper cum nonumy clita magna aliquam amet gubergren lorem. Iusto lorem ad justo. Id gubergren kasd.\nJusto augue dolor. Voluptua vero clita consequat diam aliquyam at voluptua invidunt eos sit takimata molestie. Feugiat facilisis nobis lorem invidunt et dolor in gubergren te ipsum invidunt cum dolor ipsum sed takimata clita. Sit ut hendrerit nam gubergren et mazim iriure sit rebum at eirmod. Kasd et eleifend sed et ea dolore sed sed dolores vel tempor blandit vero tation erat. Vero dolores eirmod. In nonumy ut justo iriure lorem dolore iriure ullamcorper quis et ullamcorper et. Sed sit augue facilisis sed et aliquyam sanctus tempor kasd lorem quis gubergren dolore rebum eos diam.\nLabore in consequat nulla est diam dolor sit amet soluta ipsum exerci nulla illum enim sed et consetetur. At dolor eirmod adipiscing sit vero sit dolore kasd nibh dolore dolore magna. Sanctus lorem erat. Et voluptua eirmod dolore justo erat et dolore labore et at gubergren ipsum magna vel nulla ea eos amet. Rebum sanctus accusam sea blandit accusam ut justo rebum elit elitr esse lorem sit dolores dolores possim diam. No gubergren tempor vulputate gubergren takimata illum in labore ut sadipscing stet vero. Sea sit sadipscing liber aliquyam autem aliquyam iriure ipsum aliquam aliquam kasd sea sanctus. Magna eum elitr eirmod magna invidunt amet imperdiet dolores kasd dolor lorem congue labore labore et volutpat labore ipsum. Quis takimata erat ullamcorper ipsum et ipsum. Praesent nonumy nostrud ad dolor illum ipsum. Dolor at sadipscing aliquip exerci ipsum tempor te sed rebum ea sed justo commodo lorem ipsum. Lorem clita takimata consequat sit ullamcorper nonummy facilisi gubergren consetetur clita et et diam aliquyam. Dolor accusam eum diam minim ut eos ea odio feugiat amet et qui. Eirmod diam zzril diam lorem diam enim vulputate blandit labore adipiscing sadipscing ipsum gubergren. Minim sea sanctus ut lorem dolore feugiat tempor takimata facilisis dolore. Sea clita et voluptua ut lorem lorem et diam vel rebum et no. Est et dolor et esse.\nLabore gubergren velit sed eirmod tempor consequat no justo exerci kasd molestie dolor nisl sed rebum takimata erat. Vel lorem at voluptua consetetur et consetetur gubergren volutpat sea vero ea takimata ipsum et vero ipsum dolore. Duo et eirmod. Tempor sed lorem ut sea consetetur.\n","publishDate":"2022-04-07T00:16:13.1853007+00:00"},{"id":4,"title":"Book 4","description":"Eirmod dolor sed clita consetetur no et nibh. Diam labore aliquyam sit erat nulla ipsum nonumy te autem voluptua eu sea facilisis est voluptua accusam. Autem sed ipsum invidunt. Id et invidunt lorem no invidunt illum ea tempor et ipsum in sit sed magna elitr ipsum amet. Augue dolore sit nonumy dolore commodo elitr sanctus sed. Justo esse amet. Et est amet elitr est iriure tempor dolor dolore possim aliquyam takimata diam no et sed amet. Sed dolor vero vero quod dolore takimata invidunt amet aliquyam sed sadipscing invidunt. Takimata lorem vel invidunt duis illum ipsum. Sed molestie duis eu diam justo minim labore sed lorem sed sanctus vel eu. Vulputate kasd justo et ipsum ad sanctus eos laoreet lorem autem option vero stet erat in kasd et erat. Lobortis aliquyam rebum dolor invidunt elitr et dolore sed et magna et dolor erat sed vero nibh. Amet at et sanctus et at. Et sit accusam kasd. Et nonumy at labore erat eros autem duo dolor gubergren magna eu dolore ullamcorper vero. Ipsum veniam accusam nonumy dolor consetetur accusam clita ut erat. Diam eos dolor dolor clita. Dolore lorem sed consetetur voluptua dolor lorem.\n","pageCount":400,"excerpt":"Lorem ut stet diam sit magna wisi justo. Diam labore facilisi clita dolor justo rebum ipsum lorem duo. Consetetur illum takimata justo lorem eirmod quis duo. Diam feugait dolor sed dolor velit invidunt duo amet labore autem nonumy aliquam. Minim clita et aliquip ut accusam magna eos. Elit ut wisi accusam. Consetetur tempor sit. Justo et diam vel hendrerit. Dolor sit et quis sea amet sed diam. Elitr nostrud nam magna nostrud labore erat est est nisl gubergren id illum qui. Vero sea tempor et accusam ipsum lorem voluptua accusam diam voluptua diam labore ut ea ipsum diam rebum stet. Duo suscipit nonumy. Tempor diam eum tincidunt erat magna justo kasd sit vero justo eirmod magna ea et illum. Dolor ipsum et dolor. Sed justo nonumy. Et aliquyam nonumy vulputate feugait justo assum ut possim rebum sadipscing.\nNonumy ut et nulla. Clita consequat est sea aliquyam at tempor consectetuer duo consequat amet sadipscing ipsum. Esse eum kasd et velit dolor et lorem. Stet amet nisl mazim et lorem ipsum. Ut lorem clita takimata sanctus delenit illum ex exerci tempor clita amet eirmod duo. Ut labore sea et sed dolor amet rebum dolore ut accusam. Rebum amet accusam dolor tincidunt esse dolores enim nisl. Ut aliquyam dolor. Elitr diam sed est nisl takimata sed autem justo sea.\nTempor rebum ullamcorper in magna et sit et duo est dolor dolores ut. Odio labore diam lorem option erat euismod vel tempor et eos sadipscing eos ea. Lorem tempor stet exerci sea ut dolore est dolores est ex ad lobortis magna lorem suscipit. Magna eos lorem sanctus takimata dolor vero dolor iusto tation suscipit at luptatum tempor elitr. Et justo clita eu sed elitr sed sit dolores suscipit in. Dolore accusam dolores diam. Vel facilisi sit dolor consetetur elitr. Ipsum quis possim consetetur et commodo blandit dolores exerci. Sit stet at. Et nonumy erat et lobortis et sit sed dolore amet sed ea duis magna magna sed in at iriure. Voluptua autem volutpat et ut duo diam sed dolor vulputate lorem lorem autem molestie ut dolor. Feugait suscipit vero nonummy odio kasd ipsum lorem wisi. Molestie dolore ut invidunt. Ipsum duo sit nisl hendrerit doming ut ipsum consetetur eirmod rebum in et et praesent sed commodo duo et. Elitr dolore minim aliquyam erat et erat ut et accusam aliquyam luptatum nonumy dolore blandit zzril. Amet lorem amet vero et aliquyam invidunt. Euismod est labore dolor amet diam ex eirmod ut rebum ea dolore nibh nulla vero. Illum nisl sanctus lorem dolor accusam ut dolor.\nEa rebum et vero facilisis vulputate at rebum aliquam dolor iriure eirmod tempor eos ut et lorem duo. Amet elitr invidunt aliquyam dolor ipsum consetetur vero. Nulla est tempor dolore sit sed suscipit facer sea elitr sanctus elitr sit. Est amet invidunt et ut iriure ipsum congue. Sit dolore sanctus stet amet labore sed et eirmod volutpat sit liber erat diam augue et sit voluptua aliquyam. Clita clita et lorem consetetur feugiat cum veniam lorem iriure duis diam sed eirmod justo. Consetetur erat diam takimata aliquyam clita eos at. Kasd est ut eos tempor magna minim ut justo est magna dolor sea consequat ex congue invidunt. Sed dolores eos ut magna in. Est dolores liber facilisi sit eros nonumy est lorem eirmod gubergren duo diam et duo et elitr et et. Luptatum invidunt kasd odio sea vero erat. No voluptua ipsum vero nulla consetetur dolore nisl kasd kasd sadipscing rebum illum minim eirmod diam. Magna ipsum qui eos et aliquyam ipsum ipsum amet illum justo dolore labore ipsum. Elitr takimata sit ut aliquyam esse diam kasd amet dolor eos eleifend. Lorem sit sit dolore at sed nostrud veniam ea gubergren at at. Iriure vel nonummy stet dolore voluptua duis accumsan eirmod in ipsum odio sanctus elitr. Tempor duo voluptua gubergren lorem vulputate consetetur amet elit eirmod duis laoreet accusam esse kasd. Labore sed congue nonumy nulla commodo esse rebum. Tempor iusto et invidunt ad kasd.\nEt hendrerit sit et ea diam te invidunt feugiat sit voluptua dolor. Sed invidunt dolor dolor magna delenit takimata ipsum sit sea magna duis. Clita labore vero vel rebum diam stet diam dolore sit ea ipsum eos ea lorem. Amet ipsum vel sit ipsum delenit consequat takimata accusam. Delenit iriure consequat nibh ipsum et liber ipsum. At in lorem clita dolore aliquyam erat nulla. Aliquyam ad no. Ipsum lorem sit kasd dolor et ipsum autem lorem et sadipscing. Erat dolor vulputate et exerci commodo sadipscing lorem sit aliquyam sed nonummy sed lorem nibh justo sanctus.\n","publishDate":"2022-04-06T00:16:13.1853862+00:00"},{"id":5,"title":"Book 5","description":"Lobortis sed ea. Ut euismod sadipscing consectetuer ipsum lorem amet. Eos takimata eos amet tempor hendrerit et dolor. Nonumy eos lorem eos et diam et. Sea aliquyam hendrerit tempor vel nisl vero et quis ipsum duis ipsum ea eirmod lorem ex invidunt est dolore. Commodo hendrerit autem odio. Amet labore velit et duo dolore eirmod voluptua elit ea at sea.\n","pageCount":500,"excerpt":"Dolore amet blandit doming duis aliquam consetetur. Consectetuer vero luptatum nam veniam vel. Ut justo dolores et justo labore ut et duo facilisi takimata imperdiet consetetur lorem sanctus et sadipscing. Sadipscing lorem est eum consetetur rebum tempor ut autem et stet dolores magna duo nulla ipsum takimata. Sea tempor aliquyam commodo dolor aliquyam dolor ipsum tincidunt et consectetuer. Consetetur dolore ut eu odio vel vero in at dolore labore ea esse. Voluptua illum autem eirmod tempor sit ipsum nonumy dolores eos. Augue dolores voluptua erat sed et. Eirmod dolore eirmod nibh gubergren dolor et rebum vero ipsum magna vulputate dolore vero et. Aliquam et voluptua possim labore possim et illum ut sit nisl sea gubergren ipsum. Labore magna tempor eros vulputate ipsum nonummy nulla feugait sanctus. Et amet no eros. Ipsum lorem sit accusam stet. Consequat rebum et et iusto nonumy no aliquyam. Lorem voluptua zzril vel quis feugiat kasd justo invidunt sed sadipscing enim autem kasd.\nDiam suscipit magna accumsan lorem no. Et tempor commodo et sadipscing at et invidunt ex. Dolores justo dolor duo sea ut nonumy consequat vel rebum. Tempor et dolores justo amet labore vel aliquip sed diam et eum lorem. Lorem clita at eos nostrud amet accumsan eros lorem. Elitr accusam et enim sea elitr no ipsum amet amet et accusam feugiat eos. Elitr sed feugiat odio vero dolor vero minim eirmod hendrerit nonumy. Ut sea dolor est vel kasd ipsum sed. Duo ea aliquyam invidunt erat sit vel amet duis erat lorem. Ea dignissim gubergren no nonumy aliquyam ipsum dolores ipsum nonummy diam ut diam amet. Diam autem sea sadipscing amet sit sadipscing at stet aliquam sit voluptua duis facilisi. Voluptua consectetuer vero ea diam ullamcorper nisl sit est dolore consequat.\nExerci at kasd nulla magna at. Magna justo ut lorem voluptua suscipit imperdiet lorem sea et lorem et sed vero dolor. Amet stet nonumy nonumy eos congue ipsum sed nulla ut invidunt sit magna. Elitr consetetur accusam lorem sadipscing invidunt nihil in no lorem no. Nam dolore sed takimata zzril qui takimata dolore illum rebum tincidunt vel justo at invidunt sea accumsan clita. Stet feugiat lorem magna no tempor aliquyam rebum zzril erat sanctus lorem volutpat erat eos. Accusam amet esse. Illum feugiat sanctus vero diam dolore ipsum erat qui illum lorem nulla et lorem dolor. Iusto dolor justo labore volutpat nonumy nostrud lorem tincidunt quis gubergren iusto doming dolore. Hendrerit invidunt et ut soluta vero at ipsum facilisi sit amet iriure aliquyam at diam et stet magna. Lorem duo magna molestie qui aliquyam justo dolor magna invidunt sadipscing diam. Odio erat dolor dolor sanctus illum rebum feugiat vel amet sit tempor. Vero diam erat aliquip diam dolor vulputate takimata clita. Minim magna ea invidunt. Et iriure sit congue in minim at illum sed. Gubergren stet consequat kasd tation sit duo ipsum ipsum dolor no eos. No sit sanctus sit et dignissim ea. No eu nulla takimata dolor lorem vel enim lorem cum ipsum dolor ut duo blandit.\nVero wisi feugait eos et dolore vero lorem dolore hendrerit nisl adipiscing lorem eirmod kasd consetetur at dolor. Et iusto suscipit dolor. Veniam amet labore clita et quis sed kasd duo amet justo est no invidunt elitr takimata facer takimata justo. Rebum tempor blandit lorem tempor sed no dolores ut amet dolor duo rebum aliquam nonummy. Diam sit gubergren tempor sit elitr at lorem stet sanctus dolores diam no. Amet ipsum dolor. Hendrerit diam vel stet elitr aliquyam justo at nibh lorem sea aliquip sed est nibh possim esse. Ipsum nobis in tempor elitr wisi accusam. Euismod qui takimata no lorem consetetur dolor sit sit ipsum sed at. Erat praesent voluptua illum voluptua nonumy illum ea. Feugiat assum sanctus vulputate amet labore lorem velit invidunt sed in dolore vero sit duo ad molestie duis lorem. Sea diam tation ipsum est lorem et quis magna et invidunt no duis autem et eirmod laoreet tempor. Duo aliquyam et stet lorem dolore sadipscing. Volutpat sea dolores nam. Eos et lorem lorem diam no consequat clita. Diam justo dolor in autem dolor erat sed vel amet consetetur tempor ea sadipscing et veniam eros enim clita. Molestie accusam soluta dolor facer doming nonumy lorem justo.\nLaoreet ea dolores et eos gubergren takimata ut dolor at possim sit. Dolor in volutpat dolore lobortis sea. Augue et ipsum dolor sanctus sit tempor tempor eirmod takimata voluptua gubergren tempor zzril ea eos dolores. Gubergren qui tempor diam rebum lobortis amet eros. Dolore rebum sed sea dolore at gubergren. Sit vel dolore ea nisl. Justo autem vulputate amet facilisis no sea at qui. Elitr clita dolor zzril ut veniam et vulputate rebum est amet takimata gubergren amet amet amet gubergren rebum. Est vel dolor nonumy dolor vel eum sea et duo. Erat ipsum sit sed duis ipsum diam. Ea facilisi kasd diam qui et et.\n","publishDate":"2022-04-05T00:16:13.1854606+00:00"},{"id":6,"title":"Book 6","description":"Accumsan lorem no dolore sadipscing voluptua eos consequat eu. Consequat aliquyam justo ipsum blandit accusam duis duo elitr kasd. Labore et no et lorem consetetur amet no voluptua sanctus stet lorem takimata dolore dolores accusam. Eu vero vel ad dolor iriure justo rebum veniam est et. Et duis zzril et elitr. Aliquyam lorem dolore consetetur dolore invidunt vero facilisi invidunt vero voluptua dolore lorem ipsum clita consetetur. Ipsum delenit consectetuer et erat tempor invidunt nam. Et assum ipsum facilisi vel labore duis nonummy invidunt et. Dolores nonummy gubergren in duis diam et eirmod erat sit vulputate qui nostrud diam duo. Lorem sed dolor blandit aliquyam nam dolor dolores lobortis.\n","pageCount":600,"excerpt":"Nostrud sed dolores voluptua amet et takimata sanctus. Qui aliquyam aliquip et et ipsum sed. Stet justo exerci dolore delenit nonumy sadipscing dolor ut vel. Facilisis diam sadipscing ut no ea tincidunt sit clita at no ex odio lorem. Et vel sanctus option nulla commodo sed labore eos sit amet dolore. Diam invidunt gubergren magna. Vel vero minim tation consetetur duis tempor zzril. Et consequat lorem in ipsum ut magna sea praesent aliquyam ex sit magna. Accusam esse et dolor enim facilisis et iusto autem sed consetetur accusam kasd. Erat labore gubergren. Ea labore erat. Aliquam dolor sadipscing tincidunt ea ut facilisi dolor autem et kasd sadipscing.\nVero et invidunt invidunt justo feugiat adipiscing dolor in ad wisi sea erat dolores ipsum suscipit invidunt eos takimata. Et eos accusam consetetur erat. Ea consequat dolore. No dolor amet eos no iriure gubergren erat dolore vel illum vero et vel gubergren in amet sea diam. Et ullamcorper ipsum dolore dolor. Erat hendrerit sea sadipscing stet lorem diam qui tation duis elitr sanctus. Nulla congue sea elitr. Invidunt erat amet dolor ut eos aliquyam laoreet vero consetetur sed erat. Vel est eirmod ut sit. Eirmod accusam volutpat dolor ipsum. Ea et nonumy. Et ut at ea veniam et nulla aliquam nisl hendrerit labore sit esse. Et diam invidunt vero gubergren vel justo voluptua dolore tempor tempor et molestie ipsum ipsum. Sit eos elitr takimata ipsum odio ea facilisi. Kasd nihil vulputate rebum nulla ut quis nobis sit ipsum sadipscing sit sit justo diam illum. Voluptua labore diam option.\nEt sit est clita lobortis consequat soluta clita nostrud ipsum. Nostrud eos ex stet ut dolor consetetur consectetuer nonumy labore. Ullamcorper lorem wisi laoreet sed kasd nibh. Erat velit nobis ipsum et dolores ipsum vero sanctus est. Dolor minim tempor dolor iriure. Aliquyam feugiat dolore clita esse dolores exerci tation elit no est clita dolore ut sanctus sit amet. Dolor clita et esse amet consequat sed eirmod feugiat erat eu sea blandit ipsum eos sed.\nNo tempor dolore iusto nonumy kasd sit elitr dolor elit vero ipsum tempor vel zzril sit consetetur sit kasd. Consequat sit sea ipsum facilisi dolores consetetur et in ipsum aliquyam. Tempor eros sadipscing sanctus hendrerit ipsum et sadipscing labore ipsum. Zzril rebum voluptua sea. Quis aliquyam in.\nDolor sed sed invidunt rebum et in et et dolor dolor elitr. Zzril amet veniam at sit aliquyam clita duo aliquyam praesent clita te. Consectetuer sed dolor ea gubergren feugiat dolore aliquyam lobortis et sit ut feugiat. Luptatum amet sadipscing dolor amet vero eleifend feugiat dolor nisl consectetuer ut facilisis amet. Accusam dolore sed quod stet ut magna aliquam dolor elitr dolores sadipscing dolor clita. Tation lorem vel luptatum. Facilisi tempor ut blandit invidunt labore lorem stet clita. At delenit aliquam dolor consectetuer odio accusam clita veniam aliquyam aliquam voluptua autem. Sadipscing magna dolore dolores duo. Adipiscing ut ipsum ut ut. Aliquyam diam takimata.\n","publishDate":"2022-04-04T00:16:13.1856732+00:00"},{"id":7,"title":"Book 7","description":"Dolor takimata magna dolores odio odio eleifend nihil sea lorem sadipscing et sit. Aliquyam nonumy ut vero nonumy odio odio vel qui et diam nobis sanctus dolore congue euismod ad. Consectetuer amet dolore et ipsum tincidunt sed.\n","pageCount":700,"excerpt":"Justo kasd tation hendrerit ipsum aliquyam nonumy diam. Mazim dolor justo diam tincidunt et suscipit. Kasd et option duo ipsum consequat sed diam lorem et sed kasd erat. Ea consetetur est. Elit stet amet te. Amet et duo et dolore aliquip sadipscing iusto at eirmod et sit tempor nibh dolore accusam. Ad dolor sadipscing gubergren clita aliquyam no delenit et vero accusam hendrerit eros sadipscing duo amet ipsum. Sadipscing aliquyam enim ipsum enim kasd. Ipsum duis ea iriure ea duo nulla magna possim. Consetetur luptatum clita velit autem te tempor tempor adipiscing accusam aliquyam ipsum. Tempor eleifend eos aliquyam. Et duis dolor ut et aliquyam no justo vero justo dolor eos facilisis iriure eirmod sed feugait justo. Voluptua ad lobortis magna et tempor sed enim. Et dolor sit sadipscing lorem molestie ut sadipscing stet hendrerit sit et minim diam dolores dolores at accumsan. Ipsum kasd gubergren diam dolore sit est takimata et dolore illum et elitr augue lorem et ea.\nEirmod diam et amet ea et. Justo sed justo tempor dolor enim sit ipsum ipsum. Kasd blandit sed eos option magna dolor kasd eleifend amet placerat lorem exerci dolor. Quod veniam est et magna ea amet.\nEt autem labore blandit justo et justo. Et te justo vel voluptua est nonumy amet dolor labore labore facer clita et luptatum sadipscing commodo labore. Elitr et dolores minim et. Justo facer lorem ipsum adipiscing veniam dolore at consequat dolor et iriure eos duo sadipscing ut et. Minim facilisis accusam commodo dolores dolor sed dolor dolor duo diam. Kasd et cum ullamcorper sed ea vel ipsum lorem in amet et eu stet duis zzril diam. Accumsan id stet nulla. Est et diam ut sadipscing. Eu rebum ut congue diam takimata illum sadipscing vel diam sed eum est ut at consetetur est. Lorem consetetur consetetur mazim sadipscing veniam sit magna nulla accusam eos invidunt lorem kasd kasd ut diam sed ipsum.\nMagna et laoreet elitr diam magna rebum nibh ut et kasd ea et blandit. Sit sed labore sanctus magna est delenit dolore iriure labore eos dolores ipsum augue. Dolor te eirmod et lorem erat accusam duis lorem no lorem est lobortis option accusam eirmod aliquip. Stet sit lorem nonumy dolor accusam at. Ea in tincidunt. Magna eu stet amet vero amet gubergren doming lorem. At no eos et tincidunt sit elitr et eos stet lorem ut sed. Duo takimata dolor lorem et invidunt sit. Et te amet sea sed et accumsan et kasd gubergren takimata at accusam nonumy et dolore eum invidunt et. Et minim dolor sanctus nonumy magna.\nDolore duis erat aliquyam vero sit vulputate dolor tation qui no dolor sadipscing dolor qui feugiat sit minim kasd. Sed voluptua et sadipscing. Veniam no et hendrerit sadipscing justo te et facilisi erat delenit aliquyam diam. At accusam sit kasd diam magna eleifend eros. Sit hendrerit sanctus te lorem tempor voluptua dolore sed tempor lobortis adipiscing eirmod clita esse volutpat luptatum consequat eros. Dolor et nihil iriure eos invidunt facilisis labore rebum. Kasd diam labore sed aliquyam sit eirmod no at eos adipiscing eos eos. Dignissim sea invidunt takimata amet clita amet. Nonumy et elit at amet feugiat invidunt labore. Esse eum et voluptua et eum. Et molestie eu placerat sea et eos sed. Justo esse duis amet dolores eirmod dignissim ipsum rebum sit clita at. Est at vero at duis no diam nam soluta invidunt elit justo sadipscing dolore et lorem suscipit velit lorem. Hendrerit takimata no voluptua labore at sit gubergren duo sit dolore elit sed amet sed est et. Gubergren dolor ut no invidunt sit et gubergren. Hendrerit sit sed esse amet. Stet sanctus minim zzril sit sanctus et consetetur dolores ipsum ut lorem sit et ipsum autem sed lobortis.\n","publishDate":"2022-04-03T00:16:13.1857332+00:00"},{"id":8,"title":"Book 8","description":"Dolore volutpat et vero sea dolor at consequat. Dolor nostrud tempor gubergren dignissim et. Dolores takimata et stet voluptua ipsum vel sanctus delenit.\n","pageCount":800,"excerpt":"Diam feugiat sadipscing vero eos minim sea te illum erat in facilisi lorem dolore dolore. Amet rebum stet et consetetur stet vel feugiat hendrerit tempor at rebum. Invidunt diam feugiat consetetur sed erat tempor rebum ad amet eum no. Lorem voluptua consetetur amet justo dolore augue illum sed diam invidunt diam rebum zzril diam dolor ipsum dignissim tempor. Elitr option soluta. Ipsum et amet est aliquam at te luptatum aliquyam labore hendrerit nostrud sanctus velit dolor duis clita.\nLorem sadipscing gubergren ea zzril. Dolor dolor dolores feugait et duo lorem sit magna. Commodo dolore suscipit clita duis ut aliquam zzril rebum et et. Delenit et feugait nulla. Dignissim cum accusam magna est ipsum consetetur eirmod amet vel elitr rebum ea eirmod. At justo justo magna iriure accusam.\nFacilisi amet dolor in sea dolor. Gubergren sit et id ut ut sed in sadipscing. Lorem vero dolor in sed. Dolores labore et et facilisis sed sed dolor accusam. Et ipsum stet lorem te ut veniam dolores diam sed sed accusam lorem. Lorem eum erat dolor erat dolor clita sea. Ut ea suscipit voluptua sadipscing lorem esse lorem tation eos nonummy ipsum clita sed. Dolor rebum eos rebum congue tempor kasd eum magna dolore et dolore consequat. Amet vero dolor stet. Sed et tempor gubergren. Stet eos duo congue sed elitr sea eirmod. Tation sit dolores duis takimata nulla kasd in takimata vero ipsum. Accusam et aliquyam voluptua.\nDolor clita et accusam et cum autem ex voluptua. Clita stet et accusam erat consequat. In et accumsan amet lorem nonumy volutpat stet nulla elit sanctus in sit molestie aliquam ea vel. Eros adipiscing vulputate sit eos invidunt. Dolor et iriure consetetur et diam autem nam erat et elitr. Sit magna vero ipsum laoreet lobortis vero takimata iusto no et at dolor gubergren nihil tempor autem. Eum dignissim hendrerit lorem ipsum adipiscing sed clita.\nNo accusam accusam et nibh eos rebum eros in lorem. Minim ut sanctus justo quod diam. Sit iriure ipsum aliquyam vero invidunt duis sed erat sit. Et diam nonumy sit hendrerit lorem dolor sanctus dolore ad at dolor accusam lorem erat diam. Sit sed illum. Est est sed kasd est eum magna dolor qui justo invidunt dolores. At eos sed veniam duo clita dolor eirmod diam elitr et option nulla. Delenit dolor eu amet eum sit vel aliquyam labore ea diam dolores.\n","publishDate":"2022-04-02T00:16:13.1857707+00:00"},{"id":9,"title":"Book 9","description":"No rebum diam nonumy erat placerat accusam sit lobortis in diam duis aliquip accusam erat no est. Duis et dolores wisi tempor erat tation est nostrud takimata ipsum sadipscing. Ut sed stet clita stet sit magna dignissim ut sed enim. Sanctus sit te iriure. Sed velit consetetur sed et eos et laoreet diam consetetur sit at. Autem volutpat sea dolores. Quod nonumy nonummy elit clita ut no voluptua nonumy labore vulputate te nibh et gubergren dolore dolor sea et. Sed justo et. Diam takimata ipsum duis sanctus minim amet consequat amet exerci sit vero invidunt dolore diam aliquyam ut clita. Eirmod amet sit duo dolore ea minim vel accumsan sed at ipsum at veniam est magna liber. Dolore et sit et vero et accusam ea dignissim amet tempor luptatum consetetur at dolores invidunt suscipit et. Placerat eos vel. Diam gubergren molestie et gubergren gubergren te ex aliquyam vulputate invidunt stet sed odio. Voluptua dolores aliquyam veniam nonumy lorem magna sadipscing ut ea dolore aliquyam no labore amet. Dolor amet dolore erat mazim et stet amet sanctus gubergren amet at voluptua sea et at lorem ut erat. Clita sed ipsum est dolor gubergren dolor blandit nonumy in ipsum amet duo et nonumy accusam sed tempor dolore.\n","pageCount":900,"excerpt":"Et ullamcorper ea exerci. Dolores diam eu sanctus nonumy takimata lorem diam. Ipsum vel facilisis erat sed duo nonumy sit amet. Augue nam justo justo enim augue sed tincidunt lorem rebum consetetur. Duo enim sea dolores at et et ex at. Gubergren est invidunt accumsan lorem sit et takimata dolor dolore voluptua sed amet. Dolore sea ea clita clita dolor lorem rebum nulla ut erat kasd enim gubergren eum at stet labore. Duo sit rebum blandit consetetur. Dolore lorem ipsum vulputate consetetur nonummy diam qui sed et dolores. Kasd esse diam duis ipsum imperdiet sit te elitr accusam sea consectetuer justo liber sadipscing ea vero. Vulputate nulla et. Ea ipsum dolor at labore.\nKasd vero at laoreet et. Rebum ut lorem ipsum duo praesent dolores duo placerat diam ut justo nonumy esse at sea justo. Consetetur kasd no ipsum stet autem. Minim consetetur accusam rebum zzril invidunt sanctus ipsum dolor eum no accusam et wisi. Tincidunt aliquip at. Illum takimata erat diam zzril nisl est consetetur vel velit consetetur. Et aliquyam exerci invidunt ut duis cum voluptua no sed esse est eirmod consetetur tempor sit dolor tempor. Laoreet et gubergren gubergren congue gubergren et.\nConsetetur sadipscing sadipscing suscipit sea ipsum dolor at et erat praesent sed dolor sit. Sanctus ipsum vero ut et ad at sit erat dolor diam lobortis dolore justo stet takimata lorem accusam. Luptatum dolores invidunt erat sit stet et clita amet dolor magna delenit dolor nonumy lorem. Amet eum blandit clita autem ut. Ea exerci et dolore kasd at et et nihil iusto suscipit invidunt consetetur. Eos diam ea. Aliquip no consetetur nulla gubergren quod veniam dolore augue consectetuer consectetuer. Et dolor minim dolor accusam diam at nonumy kasd liber ea lorem. Sed et ipsum. Ut nonumy minim esse ipsum consetetur te ipsum in sed nihil ut erat kasd wisi. Sed amet ea eirmod et. Et dolor no. Lorem facilisi facilisis vel et eos voluptua clita dolor consequat et magna sit duis accusam et ea. Dolor ipsum consectetuer te. Feugait amet justo sanctus labore erat invidunt dolor facilisis iriure feugiat amet lorem ut odio ipsum vero. Dolores duo duo eos erat et et dolores lorem erat clita. Sanctus hendrerit eos tempor est diam ipsum dolores veniam.\nSit tempor tempor aliquip. Dolores sit dolor est nonumy stet minim. Et vel amet ipsum facilisi et at diam diam.\nEirmod facer dolores justo magna sit vulputate. Labore gubergren et. Consetetur ea nostrud ex sea. Takimata invidunt exerci diam eum esse lorem. Lorem tation doming sea velit velit dolor eos minim ea erat doming stet. Vel et eum dolores magna rebum. Eirmod erat esse et imperdiet duo esse stet clita no dolore dolore vero sit ea. Diam assum et nonumy clita ut commodo magna magna diam dolores ipsum. Magna dolor eirmod esse ipsum kasd eu gubergren ut sadipscing vero consetetur ut ex. Ipsum facilisis tation ipsum dolores amet dignissim sed ea at kasd ipsum option. Duo vel ipsum labore dolores aliquyam illum facilisis consetetur accusam sed. Gubergren duo duis ut delenit vero ea gubergren stet ea diam. Liber et vel duo nonumy stet eros sea et accumsan eos elitr. Gubergren dolor nonumy sea eos ut invidunt stet et cum accusam sit. Aliquyam dolore et in sed sit ea ipsum ipsum dolor est stet. Magna iriure enim duo consequat autem lorem invidunt lorem. Tation sit vulputate et duo justo dolor erat vero duo praesent sit diam qui.\n","publishDate":"2022-04-01T00:16:13.1858365+00:00"},{"id":10,"title":"Book 10","description":"Et voluptua nonumy stet lorem ut sit et nonumy nostrud. Dolores et at dolor accusam elitr invidunt kasd aliquyam duo duo ipsum dolores quod. Magna consetetur et stet erat stet sanctus invidunt esse. Sit sed amet sea nonumy takimata duis tincidunt sanctus voluptua sit et lorem adipiscing voluptua. Sea vero et facer vel. Molestie amet voluptua sit amet euismod. Amet te feugiat. Ut sea labore erat esse amet kasd et tempor clita stet eros ipsum sed gubergren erat diam. Blandit accusam et autem tincidunt eos lorem ut diam stet tempor sit dolore nonummy et kasd duo magna voluptua. Diam eos sanctus et sadipscing.\n","pageCount":1000,"excerpt":"Duo ut te labore ipsum sed consetetur sed veniam est est ipsum gubergren aliquyam. Eum dolor ipsum dolores est et consetetur. Sanctus erat dolore eirmod. Sit ea amet nam at eos dolore eum. Erat et sadipscing magna dolor accusam est vel lorem. Erat dignissim gubergren sea lorem at at accumsan nulla et justo eos sadipscing hendrerit nulla delenit duis dolore.\nEirmod dolor sanctus lorem justo ipsum iriure sed tempor. Eu vero sit nulla gubergren dolores ut takimata amet magna labore eirmod placerat sea. Magna sed lorem nam vero consetetur ea sed nulla sea magna enim vero eos. Praesent labore tempor tempor molestie ipsum magna elit dolore eros facilisis velit nonumy tempor diam tincidunt vero erat. Eirmod sanctus assum ut stet. Dolor sea odio.\nDignissim duis ut est veniam tempor autem aliquyam lobortis sed amet sed iriure aliquyam ad lorem tation. Kasd molestie euismod adipiscing sea ut duo stet magna vero invidunt et eirmod sed. Ipsum sanctus dolore tempor ut iusto amet erat invidunt sanctus takimata eirmod eu dolor laoreet ea. Et aliquyam kasd zzril dignissim invidunt justo duo invidunt ut takimata et et labore ipsum in ipsum. Vero feugiat commodo eros facilisi clita feugait in diam nobis dolor invidunt et sed velit dolore dolor. Labore facilisis eu justo at et ipsum nonumy consetetur accumsan et duo lorem ad ipsum takimata nihil erat. Lorem sed lorem et aliquyam voluptua iusto lorem amet invidunt vel. Labore diam sit voluptua et sed sanctus lorem. Diam ipsum vel et et tation eum delenit ut. Aliquyam dolor accumsan iriure adipiscing ut et consequat vero et ea dolor ipsum vel diam invidunt sea. Amet laoreet sit facilisi wisi sadipscing hendrerit nonumy consectetuer dolor euismod luptatum gubergren ut no sadipscing dolore eu. Autem dolor tempor lorem lorem erat dolore dolores dolore ea lorem erat duo dolore. Et aliquyam in eos sit diam et iriure dolore et. Clita stet diam dolores.\nTempor elitr te. Vero laoreet eum duis. Autem sea facilisi tincidunt facilisi sed ipsum assum lorem eirmod. Feugait dolore nulla iriure aliquam adipiscing aliquyam amet duo. Nibh enim lorem diam invidunt iriure eros facilisis sit invidunt clita sed stet tempor. Nonumy consetetur dolore option feugiat sadipscing tempor cum diam nonumy clita aliquyam justo no exerci eum. Autem ut duo dolore. Ipsum erat ut aliquam sea sea gubergren. Ea dolor consetetur ut illum sanctus minim.\nGubergren ipsum kasd diam ut at sit in et tation exerci. Labore nostrud dolor. Ipsum sed te quis no duo facilisis quod accusam. In invidunt consetetur diam commodo aliquyam aliquip diam voluptua ipsum consequat sed justo clita suscipit magna velit blandit. Sea magna magna sadipscing commodo erat ea accusam vel doming no at invidunt. Facilisis dolore gubergren clita elitr est diam tempor consetetur lorem est. Kasd et ipsum. Sed doming amet sed adipiscing no lorem euismod diam lorem dolor no justo stet sit labore ipsum est exerci. Dolore dolor adipiscing facilisis wisi ex. Tempor eirmod exerci consectetuer sadipscing vero facilisis ad dolore aliquyam at eos ut diam eu qui diam lorem aliquam. Duis tempor luptatum eros takimata consequat duo sea iriure ea amet nonummy dolore accusam et. Sit lorem gubergren ut sea eum justo iriure diam illum. Dolor ex ad lorem et. Elitr sanctus amet. Amet euismod sed takimata tempor et labore lorem minim elitr stet kasd.\n","publishDate":"2022-03-31T00:16:13.1858918+00:00"},{"id":11,"title":"Book 11","description":"Consetetur consetetur ipsum amet duo duo sadipscing erat id dolor ea tempor sed gubergren dolore elit nonumy molestie dolores. Illum hendrerit duis erat dignissim accumsan labore sadipscing elitr assum at elitr justo feugiat gubergren feugiat consetetur. Assum dolore rebum ipsum labore dolore sed sed consetetur takimata accumsan ut ipsum. Consetetur consetetur justo velit stet eos ipsum consetetur et et rebum sanctus dignissim takimata. Et amet no diam illum amet labore justo accusam est magna tempor elitr minim doming ipsum ut velit te. Aliquyam clita accusam tempor lorem. Consetetur illum ipsum labore sed ipsum cum nibh duis takimata ea dolore vulputate ipsum kasd vero lorem. Vel tempor eos consequat nisl sit sanctus assum voluptua nostrud takimata et. Placerat labore ipsum magna blandit accusam invidunt. Illum dolor sit justo nonumy assum facilisis amet et tempor eos rebum dolor lorem et sanctus. Sed dolor erat nulla. Amet illum nibh tincidunt elitr autem stet dolore sed ipsum diam voluptua delenit qui lobortis. Volutpat et congue nulla qui eos ut sanctus diam consequat sit. Et vulputate justo sanctus ex consequat ut et kasd eu et tincidunt quod. Sea et sit te sed consequat et eirmod eu gubergren amet ea volutpat. Lorem et zzril vulputate dolor vero sed nam dolores.\n","pageCount":1100,"excerpt":"Invidunt dolore sanctus et nonumy amet et amet voluptua delenit. Magna invidunt sit et aliquyam ut kasd. Sanctus ipsum voluptua ex. Diam facilisis dolore iriure ut ea stet. Elitr justo eirmod duo kasd justo sed rebum elit. Vel at duo vel ipsum consetetur id. Gubergren amet sea lorem lorem no diam. At sadipscing accusam at ea clita sed sed adipiscing dolores takimata lorem sit sit lorem amet vel. Amet at duo consetetur amet dolore invidunt diam sanctus voluptua stet et lorem nihil sed stet rebum ipsum quod. Ut et feugiat diam labore magna et sed elitr rebum vulputate stet. Luptatum gubergren et sanctus magna sadipscing. Nonumy feugait takimata sit ea. Duo gubergren erat amet eu lorem magna nonumy. Dolores stet erat sadipscing duo. Consetetur ipsum elitr lorem et stet amet in.\nGubergren est elit ut tation tempor ipsum et feugait rebum gubergren. Tation ea amet sadipscing odio aliquyam sadipscing lorem exerci tempor eum labore consetetur eros lorem ipsum dolore imperdiet. Diam et labore molestie ipsum invidunt placerat gubergren suscipit amet. Dolor tempor delenit dolore eos. Lorem diam at ea sit magna ipsum erat nibh ex odio lorem erat. No stet nonumy possim elitr in magna et takimata ea dignissim ut accusam nonumy lobortis nonumy. Clita assum ipsum diam sed et amet consetetur ea magna sanctus. Est justo consetetur nulla et. Nonumy takimata gubergren diam ea rebum accusam et. Ipsum consetetur dolores ea at sanctus dolor te aliquyam at vero justo sed erat autem doming. Voluptua nibh volutpat erat vel accusam eos. Ea autem sadipscing et eos sea sanctus sea consetetur ipsum labore nihil dolores aliquyam amet sea sed. Sanctus elitr iriure nihil aliquyam. Stet odio assum stet erat magna et eos. Lorem kasd sadipscing aliquam in vero sit volutpat kasd dolor diam sit. Euismod nonummy nulla. Sit nulla molestie illum amet dolor illum iriure hendrerit invidunt justo clita gubergren rebum. Sea invidunt clita ipsum takimata volutpat nonumy eros aliquip eum. Luptatum dolore accusam ea sed takimata.\nAliquyam sed exerci. Aliquyam amet sadipscing. Dolore et magna est sit et sed labore clita ut sanctus aliquam exerci clita est erat tempor duis labore.\nAmet sea clita facilisis voluptua et et ipsum lorem sanctus no amet hendrerit sed odio velit. Duis dolore feugait velit nisl sed delenit esse at duo tempor euismod sadipscing. Gubergren clita ipsum dolores adipiscing justo vel at amet sanctus. Feugait ullamcorper justo invidunt justo illum gubergren diam praesent sit sit dolore odio elitr erat et. Tempor zzril ut. Gubergren dolores eu accusam est diam at justo in suscipit dolore esse est gubergren et autem commodo labore. Assum velit amet possim nostrud suscipit et elitr praesent et nisl possim. Et vero amet no accusam dolore ipsum sanctus no et elitr kasd duo et esse et. Et veniam kasd kasd. In duis eum elitr duis nisl lobortis dolor et et justo autem duo. Amet sed at rebum vero dolore dolore justo cum erat facer in ad takimata no aliquip amet. Dolor nonumy aliquip duis augue erat tempor et accusam consequat esse iusto elitr accusam molestie. Accusam dolor sit eum elitr dolor ut et magna nobis amet accusam diam erat. Ea vero amet amet facilisis veniam duis et. Diam dolores sed. Nonummy sit et justo et.\nAliquyam ut ut et dolore lorem illum soluta clita kasd ea illum elitr. Eos autem sit gubergren. Voluptua sadipscing illum amet ut. Commodo sed takimata justo feugiat sit. Vel sed diam sed nulla aliquyam feugiat dolore. Sadipscing est soluta clita. Lorem nonumy eos lorem mazim gubergren. Dolor consetetur lorem accusam dolor sed illum stet sanctus labore ipsum gubergren. Tempor dolores consequat ad accusam luptatum at ea amet ex euismod kasd lobortis elitr lorem. Consequat stet nonumy elitr sadipscing clita sit tempor tation facilisis et clita diam dolore te nibh eum. Consetetur autem labore erat in voluptua magna. Vel ad elitr ut vero dolore lorem duis erat sit gubergren sit consetetur at in. Takimata te sadipscing ea accusam dolore est lorem eos dolor ipsum commodo stet lorem diam clita. Et autem dolor amet labore est at nonummy et justo rebum et facilisi ad duo sed diam eos et.\n","publishDate":"2022-03-30T00:16:13.1859686+00:00"},{"id":12,"title":"Book 12","description":"Ut duo accumsan sadipscing zzril sea sit amet lorem et tempor ipsum accumsan. Lorem tempor eirmod et justo consequat takimata voluptua ut diam et dolores lorem erat sea eos zzril autem. Vel invidunt kasd at dignissim ipsum amet et sed amet amet amet dolor dolore id assum sea.\n","pageCount":1200,"excerpt":"Dolor ea sadipscing vel duo dolore te eu clita accusam stet voluptua gubergren sed. Clita eirmod nonumy nibh commodo ipsum consetetur sit wisi sanctus et delenit magna labore ipsum ullamcorper et. Et praesent autem. Sanctus diam kasd kasd aliquip labore ipsum duis sed ut. Dolores accusam ullamcorper eirmod duis justo nihil illum et doming in.\nEuismod commodo accusam magna stet nonumy dolor at accusam tincidunt consequat clita minim in et kasd elitr. Ea tempor kasd ea dolor et gubergren sit duo ut duo facilisis kasd rebum stet facilisi amet sanctus diam. Eirmod dolor sea nonumy ea ea sanctus accusam labore doming ea et diam nibh elitr diam. Delenit invidunt eos et vel est at sea hendrerit enim sit lorem eos et voluptua et qui dignissim. Sed et enim magna kasd nonumy eleifend sed nonumy. Consequat ut accusam ut duis vel lorem ipsum diam volutpat magna. Tempor et amet est odio clita lorem in sed. Et erat ipsum sea sit lorem eum aliquyam ipsum rebum lorem augue sanctus. Erat rebum sadipscing placerat eos minim sit labore eu rebum augue gubergren magna sanctus dolore possim tempor amet accusam. Nonummy in invidunt et eirmod blandit sea sanctus et dolores erat hendrerit dolores eirmod voluptua eos. Augue et erat diam esse illum ex sed. Justo no quis nibh diam lobortis eum gubergren amet tempor facilisis et blandit et cum amet eu rebum sit. Consetetur sadipscing magna.\nTakimata nisl elitr nonumy sea. Sit dolore dolor nonumy erat tincidunt dolor sed feugait amet takimata tation eirmod consetetur. Consetetur sadipscing amet amet sed luptatum ut. Elitr dolor erat sit dolore dolor sit. Facer sed diam sit magna ea sadipscing ut invidunt dolore vero facilisis et eirmod qui. Justo accusam no quis magna consetetur autem delenit ipsum stet gubergren et accusam nonummy diam. Feugait dolore molestie et ipsum eu esse erat amet sed nonummy amet mazim diam est lorem clita et. Tempor ullamcorper nostrud et magna hendrerit diam. Dolor sanctus consetetur facilisis no sed labore dolore nonumy odio molestie kasd sit. Ut ullamcorper velit et qui sanctus accusam sea est. Justo diam invidunt nobis labore.\nSea et ipsum labore eos est elit wisi ipsum nulla sed et dolor accumsan gubergren. Sit est lorem nulla rebum vero et nibh consetetur duo vero erat et sanctus sit amet sed dolores no. Duo aliquam kasd dignissim gubergren et ea luptatum duis elitr laoreet dolor nostrud rebum labore erat justo ea. Duo sit voluptua vero nulla magna. Vel autem takimata iriure nisl labore eu et nostrud sit sadipscing erat ut eos sadipscing et rebum. Kasd diam justo dolor est accusam rebum duis quod aliquyam eirmod mazim te ipsum. Takimata wisi dolores no dolore. Assum consectetuer dolor invidunt ut tempor diam amet veniam elitr duis clita dolor stet. Gubergren dolores veniam tempor luptatum amet no ea dolore accusam lorem sed et augue et elitr clita dolore sit. Voluptua ea et dolor blandit takimata dolores et eirmod sed nibh tempor diam labore ullamcorper.\nEos ut sea erat tempor et et clita sit ea ea. Lorem amet nulla autem possim diam duo. Et dolor suscipit iriure diam te placerat no vulputate sit in nonumy ea amet nulla aliquyam. Erat nonumy tempor dolores diam dolor sed. Sanctus diam quis rebum hendrerit justo takimata mazim dolor rebum et te consequat consequat iriure amet accumsan sadipscing kasd. Diam sadipscing ipsum voluptua lorem in kasd eirmod at labore illum. Ad hendrerit et dolore magna. Dolore luptatum consequat wisi odio tempor ipsum aliquyam est diam clita. Veniam minim aliquyam. Dolor rebum sed duo ea dolor no justo dolore stet aliquyam. Consetetur sea delenit at ea aliquyam eu erat kasd clita sanctus consetetur lobortis sed erat labore autem. In lorem ex amet ipsum. Facilisis feugiat erat feugait nulla magna vel. Takimata diam amet dolor. Eirmod ut magna et sit ullamcorper autem sanctus. Tation tempor ipsum vero nulla ut sanctus voluptua. Dolor gubergren et ad assum vel nonumy erat.\n","publishDate":"2022-03-29T00:16:13.1860234+00:00"},{"id":13,"title":"Book 13","description":"Ipsum invidunt magna ut accumsan diam sed sanctus amet et ea exerci ut ut stet est at erat. Facilisi clita sit magna sed consequat eirmod. Accumsan eirmod eum consetetur ipsum hendrerit wisi nonummy. Aliquyam justo accumsan cum esse facilisis amet est aliquyam dolores no tempor eleifend molestie no. Ipsum takimata invidunt vel lobortis luptatum ut ipsum adipiscing volutpat justo. Diam sit ut eleifend tempor enim feugait at ut. Et labore sanctus voluptua nisl sit rebum cum sea aliquam sit dolore consetetur dignissim dolores erat no.\n","pageCount":1300,"excerpt":"Et duo dolores. Erat sed erat dolore sadipscing consetetur et. Cum et velit ut duo takimata diam. Duo ut magna gubergren rebum amet rebum vulputate duo labore dolor eos amet sea consequat et lorem takimata. Lorem at ipsum tempor et ut dolor ut eros ut. Lorem eos amet adipiscing dolor ipsum molestie eros ea invidunt.\nDolore no ea kasd amet amet sea nulla magna euismod et at nisl illum tempor. Dolor dolores kasd ipsum et duis justo invidunt in erat kasd sit mazim. Elitr sea sit ipsum et sed sed ipsum ipsum nonumy. Erat aliquip aliquip vero nisl erat dolore dolore et euismod ipsum accumsan dolore justo. Invidunt sed tempor illum blandit eos labore lorem molestie elitr feugiat lobortis rebum sadipscing clita tempor ea. Et sed aliquyam lorem amet ut.\nNonumy diam accusam consetetur nobis ipsum et diam aliquam lorem gubergren velit voluptua stet sed duo duo et erat. Labore vulputate lorem dolor soluta duo ipsum sanctus lorem sed. Dolor dolores magna ut nulla eirmod eum. Tincidunt magna gubergren tempor takimata voluptua sed sit justo eu erat. Luptatum sanctus hendrerit amet et sanctus sit te duis est lorem eirmod adipiscing stet nulla et praesent. Qui sit mazim consetetur aliquam eos takimata dolore sit vero magna dolor erat. At kasd sadipscing iriure vero sadipscing sed dolor. Et accumsan qui. Doming vero ad erat no dolores. Stet sed nam vero justo dignissim ullamcorper in at et invidunt wisi. Diam at dolore stet magna erat velit. Et justo ullamcorper qui lorem consetetur kasd no. Consetetur aliquyam dolores lorem commodo magna. Et nonummy nonumy sanctus erat sea sed dolor consetetur no dolor accusam. Sadipscing amet autem sed at aliquyam no dolor erat ea diam. Facilisis kasd aliquyam sanctus aliquyam accusam consetetur.\nAmet justo takimata dolor velit ullamcorper ullamcorper exerci voluptua erat at sea takimata accumsan euismod et vero diam. Odio tincidunt et minim amet iriure dolore magna dolor sed rebum tempor. Te accusam voluptua ipsum hendrerit gubergren sed assum ut est et et dolor. Vero accusam lorem diam takimata amet accusam diam quod labore gubergren kasd takimata. Sanctus exerci consequat clita at. Autem ut rebum sed mazim ipsum amet et velit lorem tempor nulla sadipscing ut kasd diam sadipscing dolor. Elitr est tempor diam.\nVel ipsum takimata sea iriure erat dolores commodo lorem. Accusam diam vero et in amet nonumy. Invidunt erat ipsum sit volutpat quis dolor erat. Est ipsum tation amet sea et exerci. Amet kasd vulputate consetetur vel justo erat diam ipsum diam et amet ex rebum dolor dolores dolore iusto. Dolor magna lobortis dolor voluptua eos amet elit amet erat nostrud stet ut eirmod. Dolores duo et tincidunt assum kasd takimata sed magna aliquam magna justo ea elitr aliquip. Clita lorem at et erat diam stet ea et ut sea amet gubergren eos. Dignissim clita dolore feugiat aliquyam amet diam ut justo.\n","publishDate":"2022-03-28T00:16:13.1860681+00:00"},{"id":14,"title":"Book 14","description":"Ut dolor amet lorem ut justo enim ut aliquip sea consetetur kasd voluptua eros eos dolor nisl cum dolor. Sit sea eos euismod takimata praesent. Accusam diam et justo est rebum voluptua dolore dolores magna dolores. Invidunt sit at sed sit sea erat takimata nonumy dolore lorem nobis ex dolores. Volutpat ea ut ut. Duo clita aliquyam nibh. Nulla eirmod lorem ex et takimata ea in ipsum dolores. At consectetuer accusam sit sed dolore accusam vel feugiat nonumy justo eirmod magna.\n","pageCount":1400,"excerpt":"Minim ea ipsum ea takimata. Duo clita aliquyam eos voluptua tincidunt ipsum dolor duo clita magna labore wisi et nulla ipsum. Justo elitr gubergren vel ipsum diam. Ea vulputate sed est consetetur aliquyam tempor tempor. Labore takimata eirmod sed diam sit accusam ut stet gubergren tempor nisl. Et consetetur diam no esse labore vero dolor. Et et no elitr est lorem clita. Nonumy at consetetur lorem erat et elitr sanctus invidunt qui eirmod. Et nonumy sit dolore. Velit et magna volutpat at tempor. Consectetuer ea liber et consequat invidunt. Sanctus kasd est est. Dolor ut tempor facer dolore aliquyam clita minim invidunt kasd elit eos. Diam luptatum wisi dolore. Tempor quis nonumy sed sed dolore et voluptua eum lorem eirmod dolore at rebum gubergren stet blandit. Et voluptua et est.\nAt dolore et ut nonumy vero assum labore vero stet justo no stet duo nostrud esse velit. Ipsum no elitr lorem ut qui ea vel suscipit ut sit takimata. Dolore no dolore et qui et nonummy odio eos illum eos no clita consetetur lorem amet amet sit. Tempor iriure magna mazim ipsum vero dolore magna consetetur in eu kasd. Et lorem tempor lorem illum dolor sea iusto magna et aliquyam elitr eirmod sit takimata et clita et accumsan. Aliquyam accusam vulputate sed ut cum elitr dolor ut gubergren sit vulputate. Ut elitr stet takimata enim molestie lorem. Feugait nonumy diam vulputate sit no sed erat et dolore voluptua vero et sea. Aliquyam nibh justo diam. Euismod invidunt stet tempor diam aliquip lorem dolor consetetur enim clita eum vero diam accusam magna ullamcorper nonumy ut.\nEos aliquyam invidunt in ea at consetetur erat commodo amet augue et diam clita eos voluptua diam aliquip enim. Ut ex sanctus justo. Amet aliquyam tempor luptatum dignissim molestie qui dolor consetetur. Dolore sed volutpat ut ipsum gubergren vel tincidunt sit duis accusam labore ipsum dolore aliquyam labore sanctus dignissim. Vulputate et invidunt et sea ea dolor diam. Sit stet consetetur dolor amet te et dolor elitr sadipscing dolores. Rebum at magna nonumy feugait et sed et sit invidunt magna ipsum option eirmod gubergren ut augue. Eum dolor assum aliquyam vel in aliquip congue. Esse lorem at.\nAssum facer voluptua consetetur illum gubergren gubergren illum gubergren commodo duo kasd praesent amet sed laoreet. Feugiat ea enim illum lorem vero et sed invidunt blandit clita diam. No est sadipscing sit eu no sanctus et sit dolor voluptua sea diam. Stet molestie accusam ullamcorper. Eos diam erat et sadipscing dolore elit stet. Commodo lorem kasd voluptua takimata lobortis tempor stet vel luptatum dolor et ipsum diam aliquyam volutpat et. Ipsum lorem et vero. No eos erat kasd diam labore eleifend possim iriure sit ut et et gubergren. Et quis at amet tempor justo vero velit et tempor lorem ut ipsum tempor ipsum sed eos diam. Sit dolore diam duis velit erat invidunt diam sanctus eirmod no et facilisis takimata accusam vero et clita. Diam at ut illum sit vero labore diam rebum labore feugiat eirmod clita at ea no nonumy elitr.\nAccusam dolor dolor dolor amet esse dolores sea et ea magna sed sit ipsum eos diam zzril. Adipiscing laoreet ea justo et sadipscing no sit sit feugait consetetur ipsum dolore consectetuer ipsum. Et invidunt clita. Elit voluptua takimata stet stet ad lorem sanctus ut gubergren odio. Clita sanctus erat veniam sed accusam aliquyam et gubergren amet stet facilisis eu duo et. Tempor diam ipsum ut ipsum rebum luptatum sanctus delenit. Sanctus eos eirmod invidunt elitr dolor. Dolor aliquip voluptua lorem at. Kasd et eros. Autem sanctus ex feugiat at et voluptua sit ex takimata amet consetetur ipsum no. Amet consetetur ea laoreet dolore takimata vero aliquyam odio elit augue takimata stet elit tempor elitr. Nisl est et amet ea est at est ea invidunt elitr esse. Sea at consectetuer rebum at sit. Wisi dolor ut sanctus sed sed ut et. Sadipscing diam rebum rebum. Takimata mazim euismod diam ut diam suscipit dignissim dolores.\n","publishDate":"2022-03-27T00:16:13.1861596+00:00"},{"id":15,"title":"Book 15","description":"Stet dolore eos sed nisl ea. Vero erat duo clita et nostrud vero invidunt justo duis. Eos erat nihil magna lorem vel autem gubergren vero nonumy takimata voluptua consetetur vero sed nonumy sit. Eum hendrerit invidunt clita ut nonumy tempor enim amet esse stet lorem amet et elitr nulla sadipscing iriure. Sadipscing quis sit hendrerit duis dolore zzril luptatum et vero dolor eos vero sed diam vero. Lorem dolor amet. Et suscipit no kasd erat vel diam iusto. Esse adipiscing diam dolores ipsum sit sadipscing sit sed aliquam lorem at labore in elitr. Accumsan et iriure sit et et lorem ipsum option. No rebum feugiat ea. Voluptua sadipscing invidunt nam blandit dolore takimata voluptua iusto dolore justo diam takimata sed sit eleifend. Ut erat facilisi vero duis. Consetetur clita dolor voluptua consequat voluptua sadipscing rebum eirmod vel iriure. Dolor consequat tempor vero dolore volutpat dolor. Ea lorem nihil sadipscing.\n","pageCount":1500,"excerpt":"Amet erat eum tempor iriure takimata stet esse dolore te duo takimata hendrerit illum consequat sit. Dolor dolore stet lorem ipsum vero elitr iriure vero ipsum. Minim at duo iriure consequat eirmod rebum clita. Sit sanctus dolores ipsum clita invidunt kasd sanctus eros erat gubergren gubergren vel et sit nulla consetetur erat elitr. Et et ea hendrerit vero et lorem amet te eirmod dolor. Dolor labore lorem sed eos rebum elitr. Vel diam ut sit nonumy ipsum feugiat justo amet et nulla no in eos augue id. Quod vero nonumy commodo et. Sanctus diam ut vero adipiscing eos sadipscing amet ea lorem elitr voluptua invidunt lorem. Et no elitr ut sit euismod nonummy elitr erat clita aliquip est et velit velit tempor sit. Takimata nihil duo magna vero labore sit diam et sadipscing sanctus. Ipsum feugiat ipsum eu accusam rebum diam amet dolor vel. Ut amet clita voluptua duo placerat diam no. Nibh diam aliquyam consetetur accusam. Lobortis sea possim sanctus vero vulputate invidunt nihil sed diam dolor esse soluta laoreet possim.\nNonumy invidunt et invidunt dolore at. Elit ea duo nonumy vero et ipsum te. Stet eu magna te elit diam. Et zzril ea adipiscing dolores ipsum tempor justo et elitr praesent et sed eirmod est sadipscing. Diam at consetetur et zzril tincidunt diam stet. Sadipscing esse aliquyam ea nulla sed duis delenit labore nonumy duis in duis iriure. Et no et lorem et in eos tincidunt. Eirmod et diam aliquip lorem ea elitr stet tempor at. Et et rebum wisi et ipsum nibh ipsum ea ea consetetur lorem doming ad ipsum ut accumsan suscipit. Tempor justo kasd euismod voluptua vulputate vel kasd iriure sit ipsum at et odio ut. Consetetur enim dolore congue facilisis kasd et sed accusam amet dolor magna. Amet sit dolor eum nihil eirmod. Est sanctus lorem sadipscing ipsum tempor magna erat ipsum diam vero sed voluptua eirmod te elitr. Kasd dolore at amet labore nulla magna sanctus lorem. Autem lorem sit nihil elitr amet feugiat vero ea voluptua eirmod te nonumy magna et.\nNisl accumsan est feugiat vero. Eros ipsum feugiat clita at. Dolor nam nam lorem gubergren lorem dolor facer tincidunt et no et rebum iriure ea eirmod labore. Amet ut takimata feugait sadipscing eu lorem quis et lorem est kasd. Accusam lorem tempor amet eirmod consequat kasd facilisis dolor rebum dignissim. Vulputate consetetur tation praesent euismod dolore sanctus ipsum diam sit et magna amet dolor nonumy amet. Dolore ipsum clita enim ut elitr clita diam erat kasd molestie iusto dolore ut lorem tempor dolore. Sanctus quis sit kasd accumsan ipsum takimata eos. Dolore est amet sed diam kasd consequat dolor kasd justo laoreet dolores sit sit vulputate gubergren erat qui option. Dolore ipsum consetetur iriure doming sit no invidunt accusam sanctus accusam. Sit et dolor et ipsum aliquip. Vero ipsum et eros. Lorem qui est rebum vero dolores amet ipsum. Adipiscing eirmod clita eum takimata delenit consetetur et kasd elitr enim ipsum duis amet. Lorem duo sed sadipscing suscipit tempor lorem gubergren vero at.\nSit amet nulla. Dolores vero volutpat commodo et. Quod duis diam dolor et sed feugiat sea esse stet ut vel ea sanctus sed. Magna hendrerit adipiscing facilisis invidunt accusam eirmod velit dolor. Magna et ut at erat et imperdiet luptatum vero stet et vero elit. Stet justo tempor et diam dolor delenit accumsan duis sit justo erat accusam eirmod ipsum. Rebum duo lorem lorem kasd diam facilisi delenit sea sit ipsum autem dolore. Sit eleifend sea ea dolores. Duo diam ex sit nostrud sed gubergren nonumy magna sit stet elitr soluta magna. Vel tempor feugiat sit invidunt clita sed ea accusam est amet eum feugiat stet justo. Ut dolor magna est tempor duo iriure voluptua et praesent dolore diam takimata dolore accumsan dolor facilisis zzril.\nSit ut amet.
[...]
 placerat invidunt quod eos accusam sit stet feugiat diam ea ex rebum. Sit lorem et in nostrud takimata lorem duo vel in labore est ut dolor. Eirmod dolor et et. Gubergren elitr volutpat diam lorem vero sadipscing clita labore et dolor dolore sanctus. Dolore amet no takimata praesent sit lorem invidunt dolor hendrerit. Sadipscing ex ipsum ut accusam eirmod wisi sit volutpat elitr no invidunt sadipscing ipsum consectetuer. Kasd et et diam diam dolore ut et facilisis erat delenit amet accusam. Takimata amet at duo consetetur est sit nulla duis tempor option esse sea sea et. Et lorem dolores in nisl ipsum diam gubergren ea amet et dolore sanctus sed.\nVoluptua et justo rebum kasd vero nonummy adipiscing tempor labore nonumy et dolore eos vero. Sadipscing sit sit kasd labore dolor iriure eos dolor rebum laoreet ea est. Stet esse eum duo gubergren at diam sea ut ut voluptua nisl sit aliquam. Gubergren sed sed accusam sanctus nonumy velit et erat et hendrerit odio amet adipiscing dolor volutpat erat voluptua facilisi. Lorem accusam dolore rebum dolore sanctus labore et. Ea nulla sit eos gubergren at invidunt nulla sed. Ut adipiscing wisi consequat. Duo odio consetetur dolor tempor takimata dolor sed feugait diam no vulputate sit diam ullamcorper. Lorem accumsan dolor stet ea in autem aliquip sed clita sed ut sea justo amet lorem odio consectetuer. Clita sanctus sea eum vel accusam accusam et dolore sit nobis nonumy blandit et ipsum wisi. Laoreet accusam lorem kasd eos sea.\nEa stet dolores euismod diam eirmod justo consequat ad vel et. Clita volutpat feugait ipsum amet minim eirmod suscipit et sanctus stet. Erat kasd eu et consectetuer ut nonumy lorem lorem et diam takimata. Amet sadipscing clita consectetuer dolore tempor sit diam lorem duis est clita. Amet tempor et eum dolores at labore et sea commodo takimata illum amet feugiat est dolores te. Invidunt duo stet. Ut at voluptua labore clita ut invidunt rebum autem at. Magna diam eum labore no diam lorem at magna hendrerit nostrud sanctus. Vulputate vero diam gubergren duis iusto. Imperdiet iusto no ipsum amet aliquip illum sadipscing ipsum tempor nostrud lorem clita dolor lorem sed. Et dolor volutpat eu no eu eos gubergren. Sit tempor amet consetetur et sit elitr id no.\nElitr vulputate laoreet cum. Voluptua at ea sed sadipscing esse eirmod. Amet diam gubergren invidunt et eirmod at dolor elitr facilisis elitr facilisis consequat et amet voluptua takimata duo vulputate. Illum enim diam aliquyam. Tempor consectetuer est feugait et in kasd sanctus stet amet lorem eros sanctus vero iusto sit vulputate amet. Aliquyam sed kasd labore elit eirmod et voluptua ipsum consetetur qui enim blandit no. Vel accumsan accusam. Gubergren dolore illum et adipiscing diam.\n","publishDate":"2021-09-22T00:16:13.2874076+00:00"}]</msg>
<status status="PASS" starttime="20220409 20:16:15.359" endtime="20220409 20:16:15.371"/>
</kw>
<status status="PASS" starttime="20220409 20:16:12.478" endtime="20220409 20:16:15.371"/>
</kw>
<kw name="Então recebo o status code de 200" library="bookServiceAPI">
<arg>${CODE_200}</arg>
<kw name="Should Be Equal As Strings" library="BuiltIn">
<arg>${res.status_code}</arg>
<arg>${CODE_200}</arg>
<doc>Fails if objects are unequal after converting them to strings.</doc>
<msg timestamp="20220409 20:16:15.373" level="INFO">Argument types are:
&lt;class 'int'&gt;
&lt;class 'str'&gt;</msg>
<status status="PASS" starttime="20220409 20:16:15.372" endtime="20220409 20:16:15.373"/>
</kw>
<status status="PASS" starttime="20220409 20:16:15.371" endtime="20220409 20:16:15.373"/>
</kw>
<tag>GET_todos_os_livros</tag>
<status status="PASS" starttime="20220409 20:16:12.477" endtime="20220409 20:16:15.373"/>
</test>
<test id="s1-t2" name="bookServiceAPI_GET: Listar apenas um livro" line="22">
<kw name="Dado que faço a chamada para o endpoint books/id e trago um livro cadastrado" library="bookServiceAPI">
<arg>${ID_BOOK}</arg>
<kw name="GET On Session" library="RequestsLibrary">
<var>${res}</var>
<arg>${FAKER_API}</arg>
<arg>${ENDPOINT_BOOKS_ID}</arg>
<arg>${ID_BOOK}</arg>
<doc>Sends a GET request on a previously created HTTP Session.</doc>
<msg timestamp="20220409 20:16:15.677" level="INFO">GET Request : url=https://fakerestapi.azurewebsites.net/api/v1/Books/89?89 
 path_url=/api/v1/Books/89?89 
 headers={'User-Agent': 'python-requests/2.27.1', 'Accept-Encoding': 'gzip, deflate', 'Accept': '*/*', 'Connection': 'keep-alive'} 
 body=None 
 </msg>
<msg timestamp="20220409 20:16:15.678" level="INFO">GET Response : url=https://fakerestapi.azurewebsites.net/api/v1/Books/89?89 
 status=200, reason=OK 
 headers={'Transfer-Encoding': 'chunked', 'Content-Type': 'application/json; charset=utf-8; v=1.0', 'Server': 'Kestrel', 'api-supported-versions': '1.0', 'Date': 'Sun, 10 Apr 2022 00:16:14 GMT'} 
 body={"id":89,"title":"Book 89","description":"No sit ut ut ipsum feugiat eros dolores consetetur et. Gubergren accusam sit stet dolores dolores takimata et elitr praesent et consetetur lorem diam lorem. Sea augue duo soluta facilisis dolor magna justo labore et eos dolor vero facilisis doming labore clita eros. Lorem sed at ut accusam. Blandit voluptua voluptua. Justo invidunt feugait consetetur magna cum tempor no tempor nonumy sit in magna tempor sit nostrud eu autem stet. Elitr et lobortis takimata congue dolor dolore erat dolor at accumsan tempor est labore luptatum aliquyam veniam ipsum aliquam. Sea vero vel ipsum est labore no facilisi commodo no ad justo clita lorem elitr tempor consequat. Enim dolore et no clita sea et dolor dolor sit volutpat accusam. Diam ipsum lorem. Consectetuer accusam justo lorem ipsum. Hendrerit duis eirmod ea lorem ut sit sed erat sit aliquyam eirmod dolor et lorem clita. Aliquam erat elit clita invidunt nibh kasd invidunt. No sed et ea vero ea dolores nonumy. Delenit vero tincidunt amet et sit sanctus. Possim dolor labore amet magna rebum. Accusam dolore vero autem no odio dolore kasd augue amet lorem no adipiscing rebum eos. Nisl sit sadipscing ipsum molestie sea clita gubergren lorem takimata aliquyam sed no ea eos at diam justo dolor. Invidunt ipsum et no diam vel aliquyam amet et accumsan aliquyam sadipscing feugiat.\n","pageCount":8900,"excerpt":"Nihil eirmod eu aliquip rebum ipsum ea ea sanctus. Hendrerit ipsum eu dolor dignissim dolore ad et amet. Et erat ut iusto sanctus diam dolores. Mazim molestie stet. Stet vel at accumsan feugiat dolore delenit quod no tempor tincidunt sit est. Et illum justo takimata nisl lobortis lorem magna elit at lorem et commodo eirmod consequat diam takimata. Accusam dolores dolore sit illum amet ipsum.\nDolor amet et consetetur ea et diam euismod aliquip. Consectetuer aliquyam vel diam aliquyam dolor lorem dolore no et. Et adipiscing aliquyam vero clita facilisi ipsum dolore ea vero est et. Aliquip duis consequat magna et sanctus et nulla lorem no diam esse ut tempor vero et illum eum sadipscing. Sit magna justo ipsum et facer consetetur erat duis vel stet sit vero. Nam magna eos justo sit dolor dolore sit ipsum et. Tempor ipsum magna est. Magna magna kasd. Eirmod accusam sit. Clita erat augue iriure aliquyam ex dolor consetetur sit rebum. Eirmod no consequat elitr sed lorem sit. Feugiat erat et eirmod clita hendrerit ad lobortis dolore labore velit. Invidunt sadipscing sed diam et eos tempor et. No ea sed aliquyam. Et vero ea facilisi justo labore hendrerit no et wisi.\nAmet amet velit lorem magna no tincidunt. Qui consetetur magna consetetur tempor lorem et diam at aliquam congue hendrerit. Tempor no aliquyam sanctus mazim et. Ipsum voluptua facilisis magna sed stet iusto eirmod nobis illum. Diam dolor dolore at diam et. Accusam amet dolores consequat lorem id dolores stet gubergren dolore nostrud ipsum consetetur nam sadipscing dolores nostrud sadipscing. Aliquam et takimata ea erat quod no no exerci. Lorem kasd clita stet sit et dolore in kasd kasd ut rebum diam nisl diam vel. Et sed veniam praesent elitr nobis at takimata accusam augue esse labore. In consectetuer nulla sit kasd et nonumy ut sadipscing ut gubergren duis sadipscing consectetuer congue est tempor justo. Et nonumy ipsum molestie sadipscing hendrerit nibh. Consetetur nonumy aliquyam eros lorem. At nonumy duo tempor consetetur eum lorem sea ea et est et et et justo voluptua. Augue et et et duo eirmod ipsum dolore. Ut gubergren erat erat stet no eum sed justo sadipscing magna duo. Aliquyam in in ipsum justo autem eos dolore kasd elitr duo ipsum. Dolore takimata dolor diam duo stet et sed diam gubergren aliquyam nonumy. Dolor elitr diam dolor voluptua nonummy qui magna autem lorem rebum et dolor duo tation sit. Dolor gubergren clita duis iriure nonumy dolore clita vero consetetur nulla elitr nonumy et duis vel enim.\nFeugait aliquyam ea voluptua dolores lorem diam. Luptatum diam amet invidunt duis in lorem elitr molestie sed exerci et justo delenit duo sit dolor. Diam ut eos ea commodo. Eu gubergren elitr kasd dolore est consetetur voluptua. Invidunt ut lobortis at takimata duo qui diam eirmod. Lorem gubergren stet nonummy aliquyam amet ea lobortis stet magna et aliquyam ipsum ullamcorper et eos dolor ipsum. Accumsan consequat ea et. Et ipsum dolore.\nTempor in minim tempor quod. Nostrud aliquam ipsum clita dolores labore wisi erat clita vel sanctus duo sit sea soluta amet. Lorem stet dolor dolor sed elitr augue dolore labore tempor tation sed voluptua laoreet. Ut takimata laoreet lorem laoreet dolor accusam diam rebum. Accusam exerci sed autem doming duo sea liber et dolore sanctus ipsum eu vel. Dolor magna dolore sit no et ea no aliquyam amet at dolor augue.\n","publishDate":"2022-01-11T00:16:14.9054103+00:00"} 
 </msg>
<msg timestamp="20220409 20:16:15.678" level="INFO">C:\Users\jeiso\AppData\Local\Programs\Python\Python310\lib\site-packages\urllib3\connectionpool.py:1043: InsecureRequestWarning: Unverified HTTPS request is being made to host 'fakerestapi.azurewebsites.net'. Adding certificate verification is strongly advised. See: https://urllib3.readthedocs.io/en/1.26.x/advanced-usage.html#ssl-warnings
  warnings.warn(</msg>
<msg timestamp="20220409 20:16:15.679" level="INFO">${res} = &lt;Response [200]&gt;</msg>
<status status="PASS" starttime="20220409 20:16:15.376" endtime="20220409 20:16:15.679"/>
</kw>
<kw name="Set Test Variable" library="BuiltIn">
<arg>${res}</arg>
<doc>Makes a variable available everywhere within the scope of the current test.</doc>
<msg timestamp="20220409 20:16:15.680" level="INFO">${res} = &lt;Response [200]&gt;</msg>
<status status="PASS" starttime="20220409 20:16:15.679" endtime="20220409 20:16:15.680"/>
</kw>
<kw name="Log" library="BuiltIn">
<arg>${res.text}</arg>
<doc>Logs the given message with the given level.</doc>
<msg timestamp="20220409 20:16:15.681" level="INFO">{"id":89,"title":"Book 89","description":"No sit ut ut ipsum feugiat eros dolores consetetur et. Gubergren accusam sit stet dolores dolores takimata et elitr praesent et consetetur lorem diam lorem. Sea augue duo soluta facilisis dolor magna justo labore et eos dolor vero facilisis doming labore clita eros. Lorem sed at ut accusam. Blandit voluptua voluptua. Justo invidunt feugait consetetur magna cum tempor no tempor nonumy sit in magna tempor sit nostrud eu autem stet. Elitr et lobortis takimata congue dolor dolore erat dolor at accumsan tempor est labore luptatum aliquyam veniam ipsum aliquam. Sea vero vel ipsum est labore no facilisi commodo no ad justo clita lorem elitr tempor consequat. Enim dolore et no clita sea et dolor dolor sit volutpat accusam. Diam ipsum lorem. Consectetuer accusam justo lorem ipsum. Hendrerit duis eirmod ea lorem ut sit sed erat sit aliquyam eirmod dolor et lorem clita. Aliquam erat elit clita invidunt nibh kasd invidunt. No sed et ea vero ea dolores nonumy. Delenit vero tincidunt amet et sit sanctus. Possim dolor labore amet magna rebum. Accusam dolore vero autem no odio dolore kasd augue amet lorem no adipiscing rebum eos. Nisl sit sadipscing ipsum molestie sea clita gubergren lorem takimata aliquyam sed no ea eos at diam justo dolor. Invidunt ipsum et no diam vel aliquyam amet et accumsan aliquyam sadipscing feugiat.\n","pageCount":8900,"excerpt":"Nihil eirmod eu aliquip rebum ipsum ea ea sanctus. Hendrerit ipsum eu dolor dignissim dolore ad et amet. Et erat ut iusto sanctus diam dolores. Mazim molestie stet. Stet vel at accumsan feugiat dolore delenit quod no tempor tincidunt sit est. Et illum justo takimata nisl lobortis lorem magna elit at lorem et commodo eirmod consequat diam takimata. Accusam dolores dolore sit illum amet ipsum.\nDolor amet et consetetur ea et diam euismod aliquip. Consectetuer aliquyam vel diam aliquyam dolor lorem dolore no et. Et adipiscing aliquyam vero clita facilisi ipsum dolore ea vero est et. Aliquip duis consequat magna et sanctus et nulla lorem no diam esse ut tempor vero et illum eum sadipscing. Sit magna justo ipsum et facer consetetur erat duis vel stet sit vero. Nam magna eos justo sit dolor dolore sit ipsum et. Tempor ipsum magna est. Magna magna kasd. Eirmod accusam sit. Clita erat augue iriure aliquyam ex dolor consetetur sit rebum. Eirmod no consequat elitr sed lorem sit. Feugiat erat et eirmod clita hendrerit ad lobortis dolore labore velit. Invidunt sadipscing sed diam et eos tempor et. No ea sed aliquyam. Et vero ea facilisi justo labore hendrerit no et wisi.\nAmet amet velit lorem magna no tincidunt. Qui consetetur magna consetetur tempor lorem et diam at aliquam congue hendrerit. Tempor no aliquyam sanctus mazim et. Ipsum voluptua facilisis magna sed stet iusto eirmod nobis illum. Diam dolor dolore at diam et. Accusam amet dolores consequat lorem id dolores stet gubergren dolore nostrud ipsum consetetur nam sadipscing dolores nostrud sadipscing. Aliquam et takimata ea erat quod no no exerci. Lorem kasd clita stet sit et dolore in kasd kasd ut rebum diam nisl diam vel. Et sed veniam praesent elitr nobis at takimata accusam augue esse labore. In consectetuer nulla sit kasd et nonumy ut sadipscing ut gubergren duis sadipscing consectetuer congue est tempor justo. Et nonumy ipsum molestie sadipscing hendrerit nibh. Consetetur nonumy aliquyam eros lorem. At nonumy duo tempor consetetur eum lorem sea ea et est et et et justo voluptua. Augue et et et duo eirmod ipsum dolore. Ut gubergren erat erat stet no eum sed justo sadipscing magna duo. Aliquyam in in ipsum justo autem eos dolore kasd elitr duo ipsum. Dolore takimata dolor diam duo stet et sed diam gubergren aliquyam nonumy. Dolor elitr diam dolor voluptua nonummy qui magna autem lorem rebum et dolor duo tation sit. Dolor gubergren clita duis iriure nonumy dolore clita vero consetetur nulla elitr nonumy et duis vel enim.\nFeugait aliquyam ea voluptua dolores lorem diam. Luptatum diam amet invidunt duis in lorem elitr molestie sed exerci et justo delenit duo sit dolor. Diam ut eos ea commodo. Eu gubergren elitr kasd dolore est consetetur voluptua. Invidunt ut lobortis at takimata duo qui diam eirmod. Lorem gubergren stet nonummy aliquyam amet ea lobortis stet magna et aliquyam ipsum ullamcorper et eos dolor ipsum. Accumsan consequat ea et. Et ipsum dolore.\nTempor in minim tempor quod. Nostrud aliquam ipsum clita dolores labore wisi erat clita vel sanctus duo sit sea soluta amet. Lorem stet dolor dolor sed elitr augue dolore labore tempor tation sed voluptua laoreet. Ut takimata laoreet lorem laoreet dolor accusam diam rebum. Accusam exerci sed autem doming duo sea liber et dolore sanctus ipsum eu vel. Dolor magna dolore sit no et ea no aliquyam amet at dolor augue.\n","publishDate":"2022-01-11T00:16:14.9054103+00:00"}</msg>
<status status="PASS" starttime="20220409 20:16:15.680" endtime="20220409 20:16:15.681"/>
</kw>
<status status="PASS" starttime="20220409 20:16:15.376" endtime="20220409 20:16:15.682"/>
</kw>
<kw name="Então recebo o status code de 200" library="bookServiceAPI">
<arg>${CODE_200}</arg>
<kw name="Should Be Equal As Strings" library="BuiltIn">
<arg>${res.status_code}</arg>
<arg>${CODE_200}</arg>
<doc>Fails if objects are unequal after converting them to strings.</doc>
<msg timestamp="20220409 20:16:15.684" level="INFO">Argument types are:
&lt;class 'int'&gt;
&lt;class 'str'&gt;</msg>
<status status="PASS" starttime="20220409 20:16:15.683" endtime="20220409 20:16:15.684"/>
</kw>
<status status="PASS" starttime="20220409 20:16:15.682" endtime="20220409 20:16:15.684"/>
</kw>
<tag>GET_apenas_um_livro</tag>
<status status="PASS" starttime="20220409 20:16:15.374" endtime="20220409 20:16:15.684"/>
</test>
<test id="s1-t3" name="bookServiceAPI_GET: Listar numero de autores" line="27">
<kw name="Dado que faço a chamada para o serviço books/id para validar numero de autores" library="bookServiceAPI">
<arg>${ID_BOOK}</arg>
<kw name="GET On Session" library="RequestsLibrary">
<var>${res}</var>
<arg>${FAKER_API}</arg>
<arg>${AUTHORS_BOOKS}</arg>
<arg>${ID_BOOK}</arg>
<doc>Sends a GET request on a previously created HTTP Session.</doc>
<msg timestamp="20220409 20:16:15.953" level="INFO">GET Request : url=https://fakerestapi.azurewebsites.net/api/v1/api/v1/Authors/authors/books?89 
 path_url=/api/v1/api/v1/Authors/authors/books?89 
 headers={'User-Agent': 'python-requests/2.27.1', 'Accept-Encoding': 'gzip, deflate', 'Accept': '*/*', 'Connection': 'keep-alive'} 
 body=None 
 </msg>
<msg timestamp="20220409 20:16:15.953" level="INFO">GET Response : url=https://fakerestapi.azurewebsites.net/api/v1/api/v1/Authors/authors/books?89 
 status=404, reason=Not Found 
 headers={'Server': 'Kestrel', 'Date': 'Sun, 10 Apr 2022 00:16:14 GMT', 'Content-Length': '0'} 
 body=None 
 </msg>
<msg timestamp="20220409 20:16:15.953" level="INFO">C:\Users\jeiso\AppData\Local\Programs\Python\Python310\lib\site-packages\urllib3\connectionpool.py:1043: InsecureRequestWarning: Unverified HTTPS request is being made to host 'fakerestapi.azurewebsites.net'. Adding certificate verification is strongly advised. See: https://urllib3.readthedocs.io/en/1.26.x/advanced-usage.html#ssl-warnings
  warnings.warn(</msg>
<msg timestamp="20220409 20:16:15.955" level="FAIL">HTTPError: 404 Client Error: Not Found for url: https://fakerestapi.azurewebsites.net/api/v1/api/v1/Authors/authors/books?89</msg>
<status status="FAIL" starttime="20220409 20:16:15.687" endtime="20220409 20:16:15.957"/>
</kw>
<kw name="Set Test Variable" library="BuiltIn">
<arg>${res}</arg>
<doc>Makes a variable available everywhere within the scope of the current test.</doc>
<status status="NOT RUN" starttime="20220409 20:16:15.958" endtime="20220409 20:16:15.958"/>
</kw>
<kw name="Log" library="BuiltIn">
<arg>${res.text}</arg>
<doc>Logs the given message with the given level.</doc>
<status status="NOT RUN" starttime="20220409 20:16:15.958" endtime="20220409 20:16:15.958"/>
</kw>
<status status="FAIL" starttime="20220409 20:16:15.686" endtime="20220409 20:16:15.959"/>
</kw>
<kw name="Então recebo o status code de 200" library="bookServiceAPI">
<arg>${CODE_200}</arg>
<status status="NOT RUN" starttime="20220409 20:16:15.959" endtime="20220409 20:16:15.959"/>
</kw>
<tag>GET_numero_de_autores</tag>
<status status="FAIL" starttime="20220409 20:16:15.685" endtime="20220409 20:16:15.960">HTTPError: 404 Client Error: Not Found for url: https://fakerestapi.azurewebsites.net/api/v1/api/v1/Authors/authors/books?89</status>
</test>
<doc>SWAGGER API: https://fakerestapi.azurewebsites.net/index.html
Executar testes no endPoint GET -&gt; /api/v1/Books
Executar testes no endPoint GET -&gt; /api/v1/Books/{id}</doc>
<status status="FAIL" starttime="20220409 20:16:12.292" endtime="20220409 20:16:15.962"/>
</suite>
<statistics>
<total>
<stat pass="2" fail="1" skip="0">All Tests</stat>
</total>
<tag>
<stat pass="1" fail="0" skip="0">GET_apenas_um_livro</stat>
<stat pass="0" fail="1" skip="0">GET_numero_de_autores</stat>
<stat pass="1" fail="0" skip="0">GET_todos_os_livros</stat>
</tag>
<suite>
<stat pass="2" fail="1" skip="0" id="s1" name="bookAPITest">bookAPITest</stat>
</suite>
</statistics>
<errors>
</errors>
</robot>
